{"/Users/zhengpanpan/Program/Writer/src/app/closeWorkflow.ts": {"path":"/Users/zhengpanpan/Program/Writer/src/app/closeWorkflow.ts","statementMap":{"0":{"start":{"line":8,"column":30},"end":{"line":16,"column":null}},"1":{"start":{"line":12,"column":2},"end":{"line":14,"column":null}},"2":{"start":{"line":13,"column":4},"end":{"line":13,"column":null}},"3":{"start":{"line":15,"column":2},"end":{"line":15,"column":null}},"4":{"start":{"line":18,"column":33},"end":{"line":19,"column":null}},"5":{"start":{"line":19,"column":2},"end":{"line":19,"column":null}},"6":{"start":{"line":21,"column":39},"end":{"line":32,"column":null}},"7":{"start":{"line":25,"column":2},"end":{"line":25,"column":null}},"8":{"start":{"line":25,"column":22},"end":{"line":25,"column":null}},"9":{"start":{"line":26,"column":2},"end":{"line":31,"column":null}},"10":{"start":{"line":28,"column":6},"end":{"line":30,"column":null}}},"fnMap":{"0":{"name":"(anonymous_0)","decl":{"start":{"line":8,"column":30},"end":{"line":8,"column":31}},"loc":{"start":{"line":11,"column":37},"end":{"line":16,"column":null}},"line":11},"1":{"name":"(anonymous_1)","decl":{"start":{"line":18,"column":33},"end":{"line":18,"column":null}},"loc":{"start":{"line":19,"column":2},"end":{"line":19,"column":null}},"line":19},"2":{"name":"(anonymous_2)","decl":{"start":{"line":21,"column":39},"end":{"line":21,"column":null}},"loc":{"start":{"line":24,"column":15},"end":{"line":32,"column":null}},"line":24},"3":{"name":"(anonymous_3)","decl":{"start":{"line":27,"column":4},"end":{"line":27,"column":5}},"loc":{"start":{"line":28,"column":6},"end":{"line":30,"column":null}},"line":28}},"branchMap":{"0":{"loc":{"start":{"line":12,"column":2},"end":{"line":14,"column":null}},"type":"if","locations":[{"start":{"line":12,"column":2},"end":{"line":14,"column":null}},{"start":{},"end":{}}],"line":12},"1":{"loc":{"start":{"line":12,"column":6},"end":{"line":12,"column":40}},"type":"binary-expr","locations":[{"start":{"line":12,"column":6},"end":{"line":12,"column":18}},{"start":{"line":12,"column":18},"end":{"line":12,"column":40}}],"line":12},"2":{"loc":{"start":{"line":25,"column":2},"end":{"line":25,"column":null}},"type":"if","locations":[{"start":{"line":25,"column":2},"end":{"line":25,"column":null}},{"start":{},"end":{}}],"line":25},"3":{"loc":{"start":{"line":28,"column":6},"end":{"line":30,"column":null}},"type":"binary-expr","locations":[{"start":{"line":28,"column":6},"end":{"line":28,"column":null}},{"start":{"line":29,"column":6},"end":{"line":29,"column":null}},{"start":{"line":30,"column":6},"end":{"line":30,"column":null}}],"line":28}},"s":{"0":1,"1":3,"2":1,"3":2,"4":1,"5":1,"6":1,"7":2,"8":1,"9":1,"10":4},"f":{"0":3,"1":1,"2":2,"3":4},"b":{"0":[1,2],"1":[3,2],"2":[1,1],"3":[4,4,2]},"meta":{"lastBranch":4,"lastFunction":4,"lastStatement":11,"seen":{"s:8:30:16:Infinity":0,"f:8:30:8:31":0,"b:12:2:14:Infinity:undefined:undefined:undefined:undefined":0,"s:12:2:14:Infinity":1,"b:12:6:12:18:12:18:12:40":1,"s:13:4:13:Infinity":2,"s:15:2:15:Infinity":3,"s:18:33:19:Infinity":4,"f:18:33:18:Infinity":1,"s:19:2:19:Infinity":5,"s:21:39:32:Infinity":6,"f:21:39:21:Infinity":2,"b:25:2:25:Infinity:undefined:undefined:undefined:undefined":2,"s:25:2:25:Infinity":7,"s:25:22:25:Infinity":8,"s:26:2:31:Infinity":9,"f:27:4:27:5":3,"s:28:6:30:Infinity":10,"b:28:6:28:Infinity:29:6:29:Infinity:30:6:30:Infinity":3}}}
,"/Users/zhengpanpan/Program/Writer/src/config/editor.ts": {"path":"/Users/zhengpanpan/Program/Writer/src/config/editor.ts","statementMap":{"0":{"start":{"line":1,"column":29},"end":{"line":23,"column":null}}},"fnMap":{},"branchMap":{},"s":{"0":2},"f":{},"b":{},"meta":{"lastBranch":0,"lastFunction":0,"lastStatement":1,"seen":{"s:1:29:23:Infinity":0}}}
,"/Users/zhengpanpan/Program/Writer/src/services/autosave/AutosaveService.ts": {"path":"/Users/zhengpanpan/Program/Writer/src/services/autosave/AutosaveService.ts","statementMap":{"0":{"start":{"line":7,"column":20},"end":{"line":7,"column":null}},"1":{"start":{"line":14,"column":21},"end":{"line":14,"column":null}},"2":{"start":{"line":16,"column":31},"end":{"line":71,"column":null}},"3":{"start":{"line":18,"column":21},"end":{"line":18,"column":null}},"4":{"start":{"line":19,"column":4},"end":{"line":21,"column":null}},"5":{"start":{"line":20,"column":6},"end":{"line":20,"column":null}},"6":{"start":{"line":23,"column":18},"end":{"line":25,"column":null}},"7":{"start":{"line":24,"column":6},"end":{"line":24,"column":null}},"8":{"start":{"line":27,"column":4},"end":{"line":27,"column":null}},"9":{"start":{"line":31,"column":20},"end":{"line":31,"column":null}},"10":{"start":{"line":32,"column":4},"end":{"line":34,"column":null}},"11":{"start":{"line":33,"column":6},"end":{"line":33,"column":null}},"12":{"start":{"line":36,"column":4},"end":{"line":36,"column":null}},"13":{"start":{"line":37,"column":20},"end":{"line":37,"column":null}},"14":{"start":{"line":38,"column":4},"end":{"line":38,"column":null}},"15":{"start":{"line":40,"column":4},"end":{"line":52,"column":null}},"16":{"start":{"line":41,"column":6},"end":{"line":41,"column":null}},"17":{"start":{"line":42,"column":6},"end":{"line":42,"column":null}},"18":{"start":{"line":43,"column":6},"end":{"line":43,"column":null}},"19":{"start":{"line":44,"column":6},"end":{"line":44,"column":null}},"20":{"start":{"line":46,"column":6},"end":{"line":50,"column":null}},"21":{"start":{"line":51,"column":6},"end":{"line":51,"column":null}},"22":{"start":{"line":56,"column":20},"end":{"line":56,"column":null}},"23":{"start":{"line":57,"column":4},"end":{"line":60,"column":null}},"24":{"start":{"line":58,"column":6},"end":{"line":58,"column":null}},"25":{"start":{"line":59,"column":6},"end":{"line":59,"column":null}},"26":{"start":{"line":64,"column":18},"end":{"line":64,"column":null}},"27":{"start":{"line":65,"column":4},"end":{"line":65,"column":null}},"28":{"start":{"line":65,"column":42},"end":{"line":65,"column":58}},"29":{"start":{"line":69,"column":4},"end":{"line":69,"column":null}}},"fnMap":{"0":{"name":"(anonymous_0)","decl":{"start":{"line":17,"column":2},"end":{"line":17,"column":11}},"loc":{"start":{"line":17,"column":48},"end":{"line":28,"column":null}},"line":17},"1":{"name":"(anonymous_1)","decl":{"start":{"line":23,"column":29},"end":{"line":23,"column":41}},"loc":{"start":{"line":23,"column":41},"end":{"line":25,"column":7}},"line":23},"2":{"name":"(anonymous_2)","decl":{"start":{"line":30,"column":8},"end":{"line":30,"column":14}},"loc":{"start":{"line":30,"column":43},"end":{"line":53,"column":null}},"line":30},"3":{"name":"(anonymous_3)","decl":{"start":{"line":55,"column":2},"end":{"line":55,"column":9}},"loc":{"start":{"line":55,"column":29},"end":{"line":61,"column":null}},"line":55},"4":{"name":"(anonymous_4)","decl":{"start":{"line":63,"column":8},"end":{"line":63,"column":34}},"loc":{"start":{"line":63,"column":34},"end":{"line":66,"column":null}},"line":63},"5":{"name":"(anonymous_5)","decl":{"start":{"line":65,"column":32},"end":{"line":65,"column":33}},"loc":{"start":{"line":65,"column":42},"end":{"line":65,"column":58}},"line":65},"6":{"name":"(anonymous_6)","decl":{"start":{"line":68,"column":2},"end":{"line":68,"column":12}},"loc":{"start":{"line":68,"column":35},"end":{"line":70,"column":null}},"line":68}},"branchMap":{"0":{"loc":{"start":{"line":19,"column":4},"end":{"line":21,"column":null}},"type":"if","locations":[{"start":{"line":19,"column":4},"end":{"line":21,"column":null}},{"start":{},"end":{}}],"line":19},"1":{"loc":{"start":{"line":32,"column":4},"end":{"line":34,"column":null}},"type":"if","locations":[{"start":{"line":32,"column":4},"end":{"line":34,"column":null}},{"start":{},"end":{}}],"line":32},"2":{"loc":{"start":{"line":57,"column":4},"end":{"line":60,"column":null}},"type":"if","locations":[{"start":{"line":57,"column":4},"end":{"line":60,"column":null}},{"start":{},"end":{}}],"line":57}},"s":{"0":1,"1":1,"2":1,"3":10,"4":10,"5":1,"6":10,"7":3,"8":10,"9":8,"10":8,"11":0,"12":8,"13":8,"14":8,"15":8,"16":8,"17":8,"18":7,"19":7,"20":1,"21":1,"22":8,"23":8,"24":1,"25":1,"26":1,"27":1,"28":2,"29":6},"f":{"0":10,"1":3,"2":8,"3":8,"4":1,"5":2,"6":6},"b":{"0":[1,9],"1":[0,8],"2":[1,7]},"meta":{"lastBranch":3,"lastFunction":7,"lastStatement":30,"seen":{"s:7:20:7:Infinity":0,"s:14:21:14:Infinity":1,"s:16:31:71:Infinity":2,"f:17:2:17:11":0,"s:18:21:18:Infinity":3,"b:19:4:21:Infinity:undefined:undefined:undefined:undefined":0,"s:19:4:21:Infinity":4,"s:20:6:20:Infinity":5,"s:23:18:25:Infinity":6,"f:23:29:23:41":1,"s:24:6:24:Infinity":7,"s:27:4:27:Infinity":8,"f:30:8:30:14":2,"s:31:20:31:Infinity":9,"b:32:4:34:Infinity:undefined:undefined:undefined:undefined":1,"s:32:4:34:Infinity":10,"s:33:6:33:Infinity":11,"s:36:4:36:Infinity":12,"s:37:20:37:Infinity":13,"s:38:4:38:Infinity":14,"s:40:4:52:Infinity":15,"s:41:6:41:Infinity":16,"s:42:6:42:Infinity":17,"s:43:6:43:Infinity":18,"s:44:6:44:Infinity":19,"s:46:6:50:Infinity":20,"s:51:6:51:Infinity":21,"f:55:2:55:9":3,"s:56:20:56:Infinity":22,"b:57:4:60:Infinity:undefined:undefined:undefined:undefined":2,"s:57:4:60:Infinity":23,"s:58:6:58:Infinity":24,"s:59:6:59:Infinity":25,"f:63:8:63:34":4,"s:64:18:64:Infinity":26,"s:65:4:65:Infinity":27,"f:65:32:65:33":5,"s:65:42:65:58":28,"f:68:2:68:12":6,"s:69:4:69:Infinity":29}}}
,"/Users/zhengpanpan/Program/Writer/src/services/error/ErrorService.ts": {"path":"/Users/zhengpanpan/Program/Writer/src/services/error/ErrorService.ts","statementMap":{"0":{"start":{"line":3,"column":18},"end":{"line":4,"column":null}},"1":{"start":{"line":4,"column":2},"end":{"line":4,"column":null}},"2":{"start":{"line":6,"column":28},"end":{"line":30,"column":null}},"3":{"start":{"line":8,"column":4},"end":{"line":8,"column":null}},"4":{"start":{"line":12,"column":20},"end":{"line":12,"column":null}},"5":{"start":{"line":13,"column":4},"end":{"line":13,"column":null}},"6":{"start":{"line":14,"column":4},"end":{"line":16,"column":null}},"7":{"start":{"line":23,"column":4},"end":{"line":28,"column":null}},"8":{"start":{"line":24,"column":6},"end":{"line":24,"column":null}},"9":{"start":{"line":26,"column":6},"end":{"line":26,"column":null}},"10":{"start":{"line":27,"column":6},"end":{"line":27,"column":null}}},"fnMap":{"0":{"name":"(anonymous_0)","decl":{"start":{"line":3,"column":18},"end":{"line":3,"column":19}},"loc":{"start":{"line":4,"column":2},"end":{"line":4,"column":null}},"line":4},"1":{"name":"(anonymous_1)","decl":{"start":{"line":7,"column":2},"end":{"line":7,"column":6}},"loc":{"start":{"line":7,"column":45},"end":{"line":9,"column":null}},"line":7},"2":{"name":"(anonymous_2)","decl":{"start":{"line":11,"column":2},"end":{"line":11,"column":9}},"loc":{"start":{"line":11,"column":70},"end":{"line":17,"column":null}},"line":11},"3":{"name":"(anonymous_3)","decl":{"start":{"line":19,"column":8},"end":{"line":19,"column":null}},"loc":{"start":{"line":22,"column":23},"end":{"line":29,"column":null}},"line":22}},"branchMap":{"0":{"loc":{"start":{"line":4,"column":2},"end":{"line":4,"column":null}},"type":"cond-expr","locations":[{"start":{"line":4,"column":27},"end":{"line":4,"column":43}},{"start":{"line":4,"column":43},"end":{"line":4,"column":null}}],"line":4},"1":{"loc":{"start":{"line":16,"column":26},"end":{"line":16,"column":65}},"type":"binary-expr","locations":[{"start":{"line":16,"column":26},"end":{"line":16,"column":41}},{"start":{"line":16,"column":41},"end":{"line":16,"column":65}}],"line":16}},"s":{"0":4,"1":3,"2":4,"3":5,"4":3,"5":3,"6":3,"7":0,"8":0,"9":0,"10":0},"f":{"0":3,"1":5,"2":3,"3":0},"b":{"0":[3,0],"1":[3,0]},"meta":{"lastBranch":2,"lastFunction":4,"lastStatement":11,"seen":{"s:3:18:4:Infinity":0,"f:3:18:3:19":0,"s:4:2:4:Infinity":1,"b:4:27:4:43:4:43:4:Infinity":0,"s:6:28:30:Infinity":2,"f:7:2:7:6":1,"s:8:4:8:Infinity":3,"f:11:2:11:9":2,"s:12:20:12:Infinity":4,"s:13:4:13:Infinity":5,"s:14:4:16:Infinity":6,"b:16:26:16:41:16:41:16:65":1,"f:19:8:19:Infinity":3,"s:23:4:28:Infinity":7,"s:24:6:24:Infinity":8,"s:26:6:26:Infinity":9,"s:27:6:27:Infinity":10}}}
,"/Users/zhengpanpan/Program/Writer/src/services/fs/FsSafety.ts": {"path":"/Users/zhengpanpan/Program/Writer/src/services/fs/FsSafety.ts","statementMap":{"0":{"start":{"line":5,"column":24},"end":{"line":30,"column":null}},"1":{"start":{"line":7,"column":27},"end":{"line":7,"column":null}},"2":{"start":{"line":8,"column":4},"end":{"line":11,"column":null}},"3":{"start":{"line":9,"column":25},"end":{"line":9,"column":null}},"4":{"start":{"line":10,"column":6},"end":{"line":10,"column":null}},"5":{"start":{"line":15,"column":31},"end":{"line":15,"column":null}},"6":{"start":{"line":16,"column":4},"end":{"line":18,"column":null}},"7":{"start":{"line":17,"column":6},"end":{"line":17,"column":null}},"8":{"start":{"line":20,"column":4},"end":{"line":28,"column":null}},"9":{"start":{"line":21,"column":6},"end":{"line":23,"column":null}},"10":{"start":{"line":22,"column":38},"end":{"line":22,"column":62}},"11":{"start":{"line":24,"column":6},"end":{"line":24,"column":null}},"12":{"start":{"line":26,"column":6},"end":{"line":26,"column":null}},"13":{"start":{"line":27,"column":6},"end":{"line":27,"column":null}}},"fnMap":{"0":{"name":"(anonymous_0)","decl":{"start":{"line":6,"column":2},"end":{"line":6,"column":24}},"loc":{"start":{"line":6,"column":48},"end":{"line":12,"column":null}},"line":6},"1":{"name":"(anonymous_1)","decl":{"start":{"line":8,"column":42},"end":{"line":8,"column":43}},"loc":{"start":{"line":8,"column":56},"end":{"line":11,"column":5}},"line":8},"2":{"name":"(anonymous_2)","decl":{"start":{"line":14,"column":8},"end":{"line":14,"column":27}},"loc":{"start":{"line":14,"column":59},"end":{"line":29,"column":null}},"line":14},"3":{"name":"(anonymous_3)","decl":{"start":{"line":22,"column":31},"end":{"line":22,"column":32}},"loc":{"start":{"line":22,"column":38},"end":{"line":22,"column":62}},"line":22}},"branchMap":{"0":{"loc":{"start":{"line":9,"column":25},"end":{"line":9,"column":null}},"type":"binary-expr","locations":[{"start":{"line":9,"column":25},"end":{"line":9,"column":46}},{"start":{"line":9,"column":46},"end":{"line":9,"column":null}}],"line":9},"1":{"loc":{"start":{"line":10,"column":13},"end":{"line":10,"column":null}},"type":"binary-expr","locations":[{"start":{"line":10,"column":13},"end":{"line":10,"column":27}},{"start":{"line":10,"column":27},"end":{"line":10,"column":null}}],"line":10},"2":{"loc":{"start":{"line":16,"column":4},"end":{"line":18,"column":null}},"type":"if","locations":[{"start":{"line":16,"column":4},"end":{"line":18,"column":null}},{"start":{},"end":{}}],"line":16}},"s":{"0":1,"1":4,"2":4,"3":2,"4":2,"5":4,"6":4,"7":3,"8":1,"9":1,"10":1,"11":1,"12":0,"13":0},"f":{"0":4,"1":2,"2":4,"3":1},"b":{"0":[2,1],"1":[2,1],"2":[3,1]},"meta":{"lastBranch":3,"lastFunction":4,"lastStatement":14,"seen":{"s:5:24:30:Infinity":0,"f:6:2:6:24":0,"s:7:27:7:Infinity":1,"s:8:4:11:Infinity":2,"f:8:42:8:43":1,"s:9:25:9:Infinity":3,"b:9:25:9:46:9:46:9:Infinity":0,"s:10:6:10:Infinity":4,"b:10:13:10:27:10:27:10:Infinity":1,"f:14:8:14:27":2,"s:15:31:15:Infinity":5,"b:16:4:18:Infinity:undefined:undefined:undefined:undefined":2,"s:16:4:18:Infinity":6,"s:17:6:17:Infinity":7,"s:20:4:28:Infinity":8,"s:21:6:23:Infinity":9,"f:22:31:22:32":3,"s:22:38:22:62":10,"s:24:6:24:Infinity":11,"s:26:6:26:Infinity":12,"s:27:6:27:Infinity":13}}}
,"/Users/zhengpanpan/Program/Writer/src/services/images/ImageResolver.ts": {"path":"/Users/zhengpanpan/Program/Writer/src/services/images/ImageResolver.ts","statementMap":{"0":{"start":{"line":4,"column":29},"end":{"line":67,"column":null}},"1":{"start":{"line":6,"column":4},"end":{"line":6,"column":null}},"2":{"start":{"line":6,"column":14},"end":{"line":6,"column":null}},"3":{"start":{"line":9,"column":4},"end":{"line":17,"column":null}},"4":{"start":{"line":16,"column":6},"end":{"line":16,"column":null}},"5":{"start":{"line":20,"column":4},"end":{"line":27,"column":null}},"6":{"start":{"line":21,"column":6},"end":{"line":26,"column":null}},"7":{"start":{"line":22,"column":8},"end":{"line":22,"column":null}},"8":{"start":{"line":24,"column":8},"end":{"line":24,"column":null}},"9":{"start":{"line":25,"column":8},"end":{"line":25,"column":null}},"10":{"start":{"line":30,"column":4},"end":{"line":32,"column":null}},"11":{"start":{"line":31,"column":6},"end":{"line":31,"column":null}},"12":{"start":{"line":34,"column":4},"end":{"line":48,"column":null}},"13":{"start":{"line":36,"column":24},"end":{"line":36,"column":null}},"14":{"start":{"line":36,"column":39},"end":{"line":36,"column":null}},"15":{"start":{"line":37,"column":35},"end":{"line":37,"column":null}},"16":{"start":{"line":38,"column":24},"end":{"line":41,"column":null}},"17":{"start":{"line":43,"column":27},"end":{"line":43,"column":null}},"18":{"start":{"line":44,"column":6},"end":{"line":44,"column":null}},"19":{"start":{"line":46,"column":6},"end":{"line":46,"column":null}},"20":{"start":{"line":47,"column":6},"end":{"line":47,"column":null}},"21":{"start":{"line":52,"column":22},"end":{"line":52,"column":null}},"22":{"start":{"line":52,"column":37},"end":{"line":52,"column":null}},"23":{"start":{"line":53,"column":22},"end":{"line":53,"column":null}},"24":{"start":{"line":54,"column":26},"end":{"line":54,"column":null}},"25":{"start":{"line":56,"column":4},"end":{"line":62,"column":null}},"26":{"start":{"line":57,"column":6},"end":{"line":61,"column":null}},"27":{"start":{"line":58,"column":8},"end":{"line":58,"column":null}},"28":{"start":{"line":59,"column":6},"end":{"line":61,"column":null}},"29":{"start":{"line":60,"column":8},"end":{"line":60,"column":null}},"30":{"start":{"line":64,"column":19},"end":{"line":64,"column":null}},"31":{"start":{"line":65,"column":4},"end":{"line":65,"column":null}}},"fnMap":{"0":{"name":"(anonymous_0)","decl":{"start":{"line":5,"column":2},"end":{"line":5,"column":10}},"loc":{"start":{"line":5,"column":62},"end":{"line":49,"column":null}},"line":5},"1":{"name":"(anonymous_1)","decl":{"start":{"line":36,"column":24},"end":{"line":36,"column":25}},"loc":{"start":{"line":36,"column":39},"end":{"line":36,"column":null}},"line":36},"2":{"name":"(anonymous_2)","decl":{"start":{"line":51,"column":2},"end":{"line":51,"column":7}},"loc":{"start":{"line":51,"column":47},"end":{"line":66,"column":null}},"line":51},"3":{"name":"(anonymous_3)","decl":{"start":{"line":52,"column":22},"end":{"line":52,"column":23}},"loc":{"start":{"line":52,"column":37},"end":{"line":52,"column":null}},"line":52}},"branchMap":{"0":{"loc":{"start":{"line":6,"column":4},"end":{"line":6,"column":null}},"type":"if","locations":[{"start":{"line":6,"column":4},"end":{"line":6,"column":null}},{"start":{},"end":{}}],"line":6},"1":{"loc":{"start":{"line":9,"column":4},"end":{"line":17,"column":null}},"type":"if","locations":[{"start":{"line":9,"column":4},"end":{"line":17,"column":null}},{"start":{},"end":{}}],"line":9},"2":{"loc":{"start":{"line":10,"column":6},"end":{"line":14,"column":null}},"type":"binary-expr","locations":[{"start":{"line":10,"column":6},"end":{"line":10,"column":null}},{"start":{"line":11,"column":6},"end":{"line":11,"column":null}},{"start":{"line":12,"column":6},"end":{"line":12,"column":null}},{"start":{"line":13,"column":6},"end":{"line":13,"column":null}},{"start":{"line":14,"column":6},"end":{"line":14,"column":null}}],"line":10},"3":{"loc":{"start":{"line":20,"column":4},"end":{"line":27,"column":null}},"type":"if","locations":[{"start":{"line":20,"column":4},"end":{"line":27,"column":null}},{"start":{},"end":{}}],"line":20},"4":{"loc":{"start":{"line":20,"column":8},"end":{"line":20,"column":57}},"type":"binary-expr","locations":[{"start":{"line":20,"column":8},"end":{"line":20,"column":31}},{"start":{"line":20,"column":31},"end":{"line":20,"column":57}}],"line":20},"5":{"loc":{"start":{"line":30,"column":4},"end":{"line":32,"column":null}},"type":"if","locations":[{"start":{"line":30,"column":4},"end":{"line":32,"column":null}},{"start":{},"end":{}}],"line":30},"6":{"loc":{"start":{"line":57,"column":6},"end":{"line":61,"column":null}},"type":"if","locations":[{"start":{"line":57,"column":6},"end":{"line":61,"column":null}},{"start":{"line":59,"column":6},"end":{"line":61,"column":null}}],"line":57},"7":{"loc":{"start":{"line":59,"column":6},"end":{"line":61,"column":null}},"type":"if","locations":[{"start":{"line":59,"column":6},"end":{"line":61,"column":null}},{"start":{},"end":{}}],"line":59},"8":{"loc":{"start":{"line":65,"column":11},"end":{"line":65,"column":null}},"type":"cond-expr","locations":[{"start":{"line":65,"column":34},"end":{"line":65,"column":49}},{"start":{"line":65,"column":49},"end":{"line":65,"column":null}}],"line":65}},"s":{"0":1,"1":11,"2":0,"3":11,"4":5,"5":6,"6":2,"7":2,"8":0,"9":0,"10":4,"11":1,"12":3,"13":3,"14":3,"15":3,"16":3,"17":3,"18":3,"19":0,"20":0,"21":8,"22":16,"23":8,"24":8,"25":8,"26":19,"27":4,"28":15,"29":12,"30":8,"31":8},"f":{"0":11,"1":3,"2":8,"3":16},"b":{"0":[0,11],"1":[5,6],"2":[11,10,9,8,7],"3":[2,4],"4":[6,5],"5":[1,3],"6":[4,15],"7":[12,3],"8":[6,2]},"meta":{"lastBranch":9,"lastFunction":4,"lastStatement":32,"seen":{"s:4:29:67:Infinity":0,"f:5:2:5:10":0,"b:6:4:6:Infinity:undefined:undefined:undefined:undefined":0,"s:6:4:6:Infinity":1,"s:6:14:6:Infinity":2,"b:9:4:17:Infinity:undefined:undefined:undefined:undefined":1,"s:9:4:17:Infinity":3,"b:10:6:10:Infinity:11:6:11:Infinity:12:6:12:Infinity:13:6:13:Infinity:14:6:14:Infinity":2,"s:16:6:16:Infinity":4,"b:20:4:27:Infinity:undefined:undefined:undefined:undefined":3,"s:20:4:27:Infinity":5,"b:20:8:20:31:20:31:20:57":4,"s:21:6:26:Infinity":6,"s:22:8:22:Infinity":7,"s:24:8:24:Infinity":8,"s:25:8:25:Infinity":9,"b:30:4:32:Infinity:undefined:undefined:undefined:undefined":5,"s:30:4:32:Infinity":10,"s:31:6:31:Infinity":11,"s:34:4:48:Infinity":12,"s:36:24:36:Infinity":13,"f:36:24:36:25":1,"s:36:39:36:Infinity":14,"s:37:35:37:Infinity":15,"s:38:24:41:Infinity":16,"s:43:27:43:Infinity":17,"s:44:6:44:Infinity":18,"s:46:6:46:Infinity":19,"s:47:6:47:Infinity":20,"f:51:2:51:7":2,"s:52:22:52:Infinity":21,"f:52:22:52:23":3,"s:52:37:52:Infinity":22,"s:53:22:53:Infinity":23,"s:54:26:54:Infinity":24,"s:56:4:62:Infinity":25,"b:57:6:61:Infinity:59:6:61:Infinity":6,"s:57:6:61:Infinity":26,"s:58:8:58:Infinity":27,"b:59:6:61:Infinity:undefined:undefined:undefined:undefined":7,"s:59:6:61:Infinity":28,"s:60:8:60:Infinity":29,"s:64:19:64:Infinity":30,"s:65:4:65:Infinity":31,"b:65:34:65:49:65:49:65:Infinity":8}}}
,"/Users/zhengpanpan/Program/Writer/src/services/markdown/MarkdownService.ts": {"path":"/Users/zhengpanpan/Program/Writer/src/services/markdown/MarkdownService.ts","statementMap":{"0":{"start":{"line":11,"column":16},"end":{"line":25,"column":null}},"1":{"start":{"line":27,"column":31},"end":{"line":35,"column":null}},"2":{"start":{"line":29,"column":4},"end":{"line":29,"column":null}},"3":{"start":{"line":33,"column":4},"end":{"line":33,"column":null}}},"fnMap":{"0":{"name":"(anonymous_0)","decl":{"start":{"line":28,"column":8},"end":{"line":28,"column":14}},"loc":{"start":{"line":28,"column":47},"end":{"line":30,"column":null}},"line":28},"1":{"name":"(anonymous_1)","decl":{"start":{"line":32,"column":8},"end":{"line":32,"column":18}},"loc":{"start":{"line":32,"column":52},"end":{"line":34,"column":null}},"line":32}},"branchMap":{},"s":{"0":2,"1":2,"2":10,"3":9},"f":{"0":10,"1":9},"b":{},"meta":{"lastBranch":0,"lastFunction":2,"lastStatement":4,"seen":{"s:11:16:25:Infinity":0,"s:27:31:35:Infinity":1,"f:28:8:28:14":0,"s:29:4:29:Infinity":2,"f:32:8:32:18":1,"s:33:4:33:Infinity":3}}}
,"/Users/zhengpanpan/Program/Writer/src/services/runtime/TauriWarmup.ts": {"path":"/Users/zhengpanpan/Program/Writer/src/services/runtime/TauriWarmup.ts","statementMap":{"0":{"start":{"line":3,"column":42},"end":{"line":3,"column":null}},"1":{"start":{"line":4,"column":22},"end":{"line":4,"column":null}},"2":{"start":{"line":6,"column":24},"end":{"line":7,"column":null}},"3":{"start":{"line":7,"column":2},"end":{"line":7,"column":null}},"4":{"start":{"line":9,"column":23},"end":{"line":12,"column":null}},"5":{"start":{"line":10,"column":12},"end":{"line":10,"column":null}},"6":{"start":{"line":11,"column":2},"end":{"line":11,"column":null}},"7":{"start":{"line":14,"column":32},"end":{"line":26,"column":null}},"8":{"start":{"line":15,"column":2},"end":{"line":17,"column":null}},"9":{"start":{"line":16,"column":4},"end":{"line":16,"column":null}},"10":{"start":{"line":19,"column":2},"end":{"line":23,"column":null}},"11":{"start":{"line":20,"column":4},"end":{"line":22,"column":null}},"12":{"start":{"line":21,"column":18},"end":{"line":21,"column":27}},"13":{"start":{"line":22,"column":19},"end":{"line":22,"column":28}},"14":{"start":{"line":25,"column":2},"end":{"line":25,"column":null}},"15":{"start":{"line":28,"column":41},"end":{"line":51,"column":null}},"16":{"start":{"line":29,"column":2},"end":{"line":31,"column":null}},"17":{"start":{"line":30,"column":4},"end":{"line":30,"column":null}},"18":{"start":{"line":32,"column":2},"end":{"line":32,"column":null}},"19":{"start":{"line":34,"column":14},"end":{"line":36,"column":null}},"20":{"start":{"line":35,"column":4},"end":{"line":35,"column":null}},"21":{"start":{"line":38,"column":12},"end":{"line":38,"column":null}},"22":{"start":{"line":45,"column":2},"end":{"line":48,"column":null}},"23":{"start":{"line":46,"column":4},"end":{"line":46,"column":null}},"24":{"start":{"line":46,"column":32},"end":{"line":46,"column":39}},"25":{"start":{"line":47,"column":4},"end":{"line":47,"column":null}},"26":{"start":{"line":50,"column":2},"end":{"line":50,"column":null}},"27":{"start":{"line":53,"column":37},"end":{"line":56,"column":null}},"28":{"start":{"line":54,"column":2},"end":{"line":54,"column":null}},"29":{"start":{"line":55,"column":2},"end":{"line":55,"column":null}}},"fnMap":{"0":{"name":"(anonymous_0)","decl":{"start":{"line":6,"column":24},"end":{"line":6,"column":null}},"loc":{"start":{"line":7,"column":2},"end":{"line":7,"column":null}},"line":7},"1":{"name":"(anonymous_1)","decl":{"start":{"line":9,"column":23},"end":{"line":9,"column":38}},"loc":{"start":{"line":9,"column":38},"end":{"line":12,"column":null}},"line":9},"2":{"name":"(anonymous_2)","decl":{"start":{"line":14,"column":32},"end":{"line":14,"column":59}},"loc":{"start":{"line":14,"column":59},"end":{"line":26,"column":null}},"line":14},"3":{"name":"(anonymous_3)","decl":{"start":{"line":21,"column":12},"end":{"line":21,"column":18}},"loc":{"start":{"line":21,"column":18},"end":{"line":21,"column":27}},"line":21},"4":{"name":"(anonymous_4)","decl":{"start":{"line":22,"column":13},"end":{"line":22,"column":19}},"loc":{"start":{"line":22,"column":19},"end":{"line":22,"column":28}},"line":22},"5":{"name":"(anonymous_5)","decl":{"start":{"line":28,"column":41},"end":{"line":28,"column":53}},"loc":{"start":{"line":28,"column":53},"end":{"line":51,"column":null}},"line":28},"6":{"name":"(anonymous_6)","decl":{"start":{"line":34,"column":14},"end":{"line":34,"column":20}},"loc":{"start":{"line":34,"column":20},"end":{"line":36,"column":null}},"line":34},"7":{"name":"(anonymous_7)","decl":{"start":{"line":46,"column":26},"end":{"line":46,"column":32}},"loc":{"start":{"line":46,"column":32},"end":{"line":46,"column":39}},"line":46},"8":{"name":"(anonymous_8)","decl":{"start":{"line":53,"column":37},"end":{"line":53,"column":49}},"loc":{"start":{"line":53,"column":49},"end":{"line":56,"column":null}},"line":53}},"branchMap":{"0":{"loc":{"start":{"line":11,"column":9},"end":{"line":11,"column":null}},"type":"binary-expr","locations":[{"start":{"line":11,"column":9},"end":{"line":11,"column":39}},{"start":{"line":11,"column":39},"end":{"line":11,"column":null}}],"line":11},"1":{"loc":{"start":{"line":15,"column":2},"end":{"line":17,"column":null}},"type":"if","locations":[{"start":{"line":15,"column":2},"end":{"line":17,"column":null}},{"start":{},"end":{}}],"line":15},"2":{"loc":{"start":{"line":19,"column":2},"end":{"line":23,"column":null}},"type":"if","locations":[{"start":{"line":19,"column":2},"end":{"line":23,"column":null}},{"start":{},"end":{}}],"line":19},"3":{"loc":{"start":{"line":29,"column":2},"end":{"line":31,"column":null}},"type":"if","locations":[{"start":{"line":29,"column":2},"end":{"line":31,"column":null}},{"start":{},"end":{}}],"line":29},"4":{"loc":{"start":{"line":45,"column":2},"end":{"line":48,"column":null}},"type":"if","locations":[{"start":{"line":45,"column":2},"end":{"line":48,"column":null}},{"start":{},"end":{}}],"line":45}},"s":{"0":4,"1":4,"2":4,"3":7,"4":4,"5":5,"6":5,"7":4,"8":5,"9":1,"10":4,"11":3,"12":3,"13":0,"14":4,"15":4,"16":2,"17":0,"18":2,"19":2,"20":2,"21":2,"22":2,"23":1,"24":1,"25":1,"26":1,"27":4,"28":4,"29":4},"f":{"0":7,"1":5,"2":5,"3":3,"4":0,"5":2,"6":2,"7":1,"8":4},"b":{"0":[5,1],"1":[1,4],"2":[3,1],"3":[0,2],"4":[1,1]},"meta":{"lastBranch":5,"lastFunction":9,"lastStatement":30,"seen":{"s:3:42:3:Infinity":0,"s:4:22:4:Infinity":1,"s:6:24:7:Infinity":2,"f:6:24:6:Infinity":0,"s:7:2:7:Infinity":3,"s:9:23:12:Infinity":4,"f:9:23:9:38":1,"s:10:12:10:Infinity":5,"s:11:2:11:Infinity":6,"b:11:9:11:39:11:39:11:Infinity":0,"s:14:32:26:Infinity":7,"f:14:32:14:59":2,"b:15:2:17:Infinity:undefined:undefined:undefined:undefined":1,"s:15:2:17:Infinity":8,"s:16:4:16:Infinity":9,"b:19:2:23:Infinity:undefined:undefined:undefined:undefined":2,"s:19:2:23:Infinity":10,"s:20:4:22:Infinity":11,"f:21:12:21:18":3,"s:21:18:21:27":12,"f:22:13:22:19":4,"s:22:19:22:28":13,"s:25:2:25:Infinity":14,"s:28:41:51:Infinity":15,"f:28:41:28:53":5,"b:29:2:31:Infinity:undefined:undefined:undefined:undefined":3,"s:29:2:31:Infinity":16,"s:30:4:30:Infinity":17,"s:32:2:32:Infinity":18,"s:34:14:36:Infinity":19,"f:34:14:34:20":6,"s:35:4:35:Infinity":20,"s:38:12:38:Infinity":21,"b:45:2:48:Infinity:undefined:undefined:undefined:undefined":4,"s:45:2:48:Infinity":22,"s:46:4:46:Infinity":23,"f:46:26:46:32":7,"s:46:32:46:39":24,"s:47:4:47:Infinity":25,"s:50:2:50:Infinity":26,"s:53:37:56:Infinity":27,"f:53:37:53:49":8,"s:54:2:54:Infinity":28,"s:55:2:55:Infinity":29}}}
,"/Users/zhengpanpan/Program/Writer/src/state/actions/workspaceActions.ts": {"path":"/Users/zhengpanpan/Program/Writer/src/state/actions/workspaceActions.ts","statementMap":{"0":{"start":{"line":11,"column":32},"end":{"line":44,"column":null}},"1":{"start":{"line":13,"column":27},"end":{"line":13,"column":null}},"2":{"start":{"line":15,"column":4},"end":{"line":18,"column":null}},"3":{"start":{"line":16,"column":22},"end":{"line":16,"column":null}},"4":{"start":{"line":17,"column":6},"end":{"line":17,"column":null}},"5":{"start":{"line":17,"column":20},"end":{"line":17,"column":null}},"6":{"start":{"line":20,"column":4},"end":{"line":23,"column":null}},"7":{"start":{"line":21,"column":22},"end":{"line":21,"column":null}},"8":{"start":{"line":22,"column":6},"end":{"line":22,"column":null}},"9":{"start":{"line":22,"column":20},"end":{"line":22,"column":null}},"10":{"start":{"line":25,"column":20},"end":{"line":25,"column":null}},"11":{"start":{"line":26,"column":4},"end":{"line":26,"column":null}},"12":{"start":{"line":27,"column":4},"end":{"line":27,"column":null}},"13":{"start":{"line":28,"column":4},"end":{"line":28,"column":null}},"14":{"start":{"line":32,"column":4},"end":{"line":36,"column":null}},"15":{"start":{"line":37,"column":4},"end":{"line":37,"column":null}},"16":{"start":{"line":39,"column":18},"end":{"line":39,"column":null}},"17":{"start":{"line":40,"column":4},"end":{"line":40,"column":null}},"18":{"start":{"line":41,"column":4},"end":{"line":41,"column":null}},"19":{"start":{"line":42,"column":4},"end":{"line":42,"column":null}}},"fnMap":{"0":{"name":"(anonymous_0)","decl":{"start":{"line":12,"column":8},"end":{"line":12,"column":17}},"loc":{"start":{"line":12,"column":56},"end":{"line":29,"column":null}},"line":12},"1":{"name":"(anonymous_1)","decl":{"start":{"line":31,"column":8},"end":{"line":31,"column":22}},"loc":{"start":{"line":31,"column":53},"end":{"line":43,"column":null}},"line":31}},"branchMap":{"0":{"loc":{"start":{"line":15,"column":4},"end":{"line":18,"column":null}},"type":"if","locations":[{"start":{"line":15,"column":4},"end":{"line":18,"column":null}},{"start":{},"end":{}}],"line":15},"1":{"loc":{"start":{"line":17,"column":6},"end":{"line":17,"column":null}},"type":"if","locations":[{"start":{"line":17,"column":6},"end":{"line":17,"column":null}},{"start":{},"end":{}}],"line":17},"2":{"loc":{"start":{"line":20,"column":4},"end":{"line":23,"column":null}},"type":"if","locations":[{"start":{"line":20,"column":4},"end":{"line":23,"column":null}},{"start":{},"end":{}}],"line":20},"3":{"loc":{"start":{"line":22,"column":6},"end":{"line":22,"column":null}},"type":"if","locations":[{"start":{"line":22,"column":6},"end":{"line":22,"column":null}},{"start":{},"end":{}}],"line":22}},"s":{"0":1,"1":3,"2":3,"3":1,"4":1,"5":0,"6":3,"7":3,"8":3,"9":0,"10":3,"11":2,"12":2,"13":2,"14":0,"15":0,"16":0,"17":0,"18":0,"19":0},"f":{"0":3,"1":0},"b":{"0":[1,2],"1":[0,1],"2":[3,0],"3":[0,3]},"meta":{"lastBranch":4,"lastFunction":2,"lastStatement":20,"seen":{"s:11:32:44:Infinity":0,"f:12:8:12:17":0,"s:13:27:13:Infinity":1,"b:15:4:18:Infinity:undefined:undefined:undefined:undefined":0,"s:15:4:18:Infinity":2,"s:16:22:16:Infinity":3,"b:17:6:17:Infinity:undefined:undefined:undefined:undefined":1,"s:17:6:17:Infinity":4,"s:17:20:17:Infinity":5,"b:20:4:23:Infinity:undefined:undefined:undefined:undefined":2,"s:20:4:23:Infinity":6,"s:21:22:21:Infinity":7,"b:22:6:22:Infinity:undefined:undefined:undefined:undefined":3,"s:22:6:22:Infinity":8,"s:22:20:22:Infinity":9,"s:25:20:25:Infinity":10,"s:26:4:26:Infinity":11,"s:27:4:27:Infinity":12,"s:28:4:28:Infinity":13,"f:31:8:31:22":1,"s:32:4:36:Infinity":14,"s:37:4:37:Infinity":15,"s:39:18:39:Infinity":16,"s:40:4:40:Infinity":17,"s:41:4:41:Infinity":18,"s:42:4:42:Infinity":19}}}
,"/Users/zhengpanpan/Program/Writer/src/state/slices/editorSlice.ts": {"path":"/Users/zhengpanpan/Program/Writer/src/state/slices/editorSlice.ts","statementMap":{"0":{"start":{"line":28,"column":13},"end":{"line":117,"column":null}},"1":{"start":{"line":28,"column":76},"end":{"line":117,"column":2}},"2":{"start":{"line":32,"column":4},"end":{"line":41,"column":null}},"3":{"start":{"line":32,"column":20},"end":{"line":41,"column":6}},"4":{"start":{"line":44,"column":4},"end":{"line":53,"column":null}},"5":{"start":{"line":45,"column":24},"end":{"line":45,"column":null}},"6":{"start":{"line":46,"column":6},"end":{"line":46,"column":null}},"7":{"start":{"line":46,"column":22},"end":{"line":46,"column":null}},"8":{"start":{"line":47,"column":6},"end":{"line":52,"column":null}},"9":{"start":{"line":56,"column":4},"end":{"line":65,"column":null}},"10":{"start":{"line":57,"column":24},"end":{"line":57,"column":null}},"11":{"start":{"line":58,"column":6},"end":{"line":58,"column":null}},"12":{"start":{"line":58,"column":22},"end":{"line":58,"column":null}},"13":{"start":{"line":59,"column":6},"end":{"line":64,"column":null}},"14":{"start":{"line":68,"column":4},"end":{"line":77,"column":null}},"15":{"start":{"line":69,"column":24},"end":{"line":69,"column":null}},"16":{"start":{"line":70,"column":6},"end":{"line":70,"column":null}},"17":{"start":{"line":70,"column":22},"end":{"line":70,"column":null}},"18":{"start":{"line":71,"column":6},"end":{"line":76,"column":null}},"19":{"start":{"line":80,"column":4},"end":{"line":84,"column":null}},"20":{"start":{"line":81,"column":24},"end":{"line":81,"column":null}},"21":{"start":{"line":82,"column":6},"end":{"line":82,"column":null}},"22":{"start":{"line":83,"column":6},"end":{"line":83,"column":null}},"23":{"start":{"line":87,"column":4},"end":{"line":103,"column":null}},"24":{"start":{"line":88,"column":28},"end":{"line":88,"column":null}},"25":{"start":{"line":89,"column":20},"end":{"line":89,"column":null}},"26":{"start":{"line":91,"column":6},"end":{"line":100,"column":null}},"27":{"start":{"line":92,"column":8},"end":{"line":99,"column":null}},"28":{"start":{"line":93,"column":28},"end":{"line":93,"column":null}},"29":{"start":{"line":94,"column":10},"end":{"line":94,"column":null}},"30":{"start":{"line":96,"column":12},"end":{"line":96,"column":null}},"31":{"start":{"line":97,"column":10},"end":{"line":97,"column":null}},"32":{"start":{"line":98,"column":10},"end":{"line":98,"column":null}},"33":{"start":{"line":102,"column":6},"end":{"line":102,"column":null}},"34":{"start":{"line":106,"column":4},"end":{"line":116,"column":null}},"35":{"start":{"line":107,"column":28},"end":{"line":107,"column":null}},"36":{"start":{"line":108,"column":20},"end":{"line":108,"column":null}},"37":{"start":{"line":109,"column":6},"end":{"line":114,"column":null}},"38":{"start":{"line":110,"column":8},"end":{"line":113,"column":null}},"39":{"start":{"line":111,"column":10},"end":{"line":111,"column":null}},"40":{"start":{"line":112,"column":10},"end":{"line":112,"column":null}},"41":{"start":{"line":115,"column":6},"end":{"line":115,"column":null}}},"fnMap":{"0":{"name":"(anonymous_0)","decl":{"start":{"line":28,"column":66},"end":{"line":28,"column":67}},"loc":{"start":{"line":28,"column":76},"end":{"line":117,"column":2}},"line":28},"1":{"name":"(anonymous_1)","decl":{"start":{"line":31,"column":18},"end":{"line":31,"column":19}},"loc":{"start":{"line":32,"column":4},"end":{"line":41,"column":null}},"line":32},"2":{"name":"(anonymous_2)","decl":{"start":{"line":32,"column":8},"end":{"line":32,"column":9}},"loc":{"start":{"line":32,"column":20},"end":{"line":41,"column":6}},"line":32},"3":{"name":"(anonymous_3)","decl":{"start":{"line":43,"column":21},"end":{"line":43,"column":22}},"loc":{"start":{"line":44,"column":4},"end":{"line":53,"column":null}},"line":44},"4":{"name":"(anonymous_4)","decl":{"start":{"line":44,"column":8},"end":{"line":44,"column":9}},"loc":{"start":{"line":44,"column":19},"end":{"line":53,"column":5}},"line":44},"5":{"name":"(anonymous_5)","decl":{"start":{"line":55,"column":16},"end":{"line":55,"column":17}},"loc":{"start":{"line":56,"column":4},"end":{"line":65,"column":null}},"line":56},"6":{"name":"(anonymous_6)","decl":{"start":{"line":56,"column":8},"end":{"line":56,"column":9}},"loc":{"start":{"line":56,"column":19},"end":{"line":65,"column":5}},"line":56},"7":{"name":"(anonymous_7)","decl":{"start":{"line":67,"column":12},"end":{"line":67,"column":13}},"loc":{"start":{"line":68,"column":4},"end":{"line":77,"column":null}},"line":68},"8":{"name":"(anonymous_8)","decl":{"start":{"line":68,"column":8},"end":{"line":68,"column":9}},"loc":{"start":{"line":68,"column":19},"end":{"line":77,"column":5}},"line":68},"9":{"name":"(anonymous_9)","decl":{"start":{"line":79,"column":18},"end":{"line":79,"column":19}},"loc":{"start":{"line":80,"column":4},"end":{"line":84,"column":null}},"line":80},"10":{"name":"(anonymous_10)","decl":{"start":{"line":80,"column":8},"end":{"line":80,"column":9}},"loc":{"start":{"line":80,"column":19},"end":{"line":84,"column":5}},"line":80},"11":{"name":"(anonymous_11)","decl":{"start":{"line":86,"column":14},"end":{"line":86,"column":15}},"loc":{"start":{"line":87,"column":4},"end":{"line":103,"column":null}},"line":87},"12":{"name":"(anonymous_12)","decl":{"start":{"line":87,"column":8},"end":{"line":87,"column":9}},"loc":{"start":{"line":87,"column":19},"end":{"line":103,"column":5}},"line":87},"13":{"name":"(anonymous_13)","decl":{"start":{"line":91,"column":41},"end":{"line":91,"column":42}},"loc":{"start":{"line":91,"column":51},"end":{"line":100,"column":7}},"line":91},"14":{"name":"(anonymous_14)","decl":{"start":{"line":105,"column":14},"end":{"line":105,"column":15}},"loc":{"start":{"line":106,"column":4},"end":{"line":116,"column":null}},"line":106},"15":{"name":"(anonymous_15)","decl":{"start":{"line":106,"column":8},"end":{"line":106,"column":9}},"loc":{"start":{"line":106,"column":19},"end":{"line":116,"column":5}},"line":106},"16":{"name":"(anonymous_16)","decl":{"start":{"line":109,"column":41},"end":{"line":109,"column":42}},"loc":{"start":{"line":109,"column":48},"end":{"line":114,"column":7}},"line":109}},"branchMap":{"0":{"loc":{"start":{"line":46,"column":6},"end":{"line":46,"column":null}},"type":"if","locations":[{"start":{"line":46,"column":6},"end":{"line":46,"column":null}},{"start":{},"end":{}}],"line":46},"1":{"loc":{"start":{"line":58,"column":6},"end":{"line":58,"column":null}},"type":"if","locations":[{"start":{"line":58,"column":6},"end":{"line":58,"column":null}},{"start":{},"end":{}}],"line":58},"2":{"loc":{"start":{"line":70,"column":6},"end":{"line":70,"column":null}},"type":"if","locations":[{"start":{"line":70,"column":6},"end":{"line":70,"column":null}},{"start":{},"end":{}}],"line":70},"3":{"loc":{"start":{"line":92,"column":8},"end":{"line":99,"column":null}},"type":"if","locations":[{"start":{"line":92,"column":8},"end":{"line":99,"column":null}},{"start":{},"end":{}}],"line":92},"4":{"loc":{"start":{"line":92,"column":12},"end":{"line":92,"column":64}},"type":"binary-expr","locations":[{"start":{"line":92,"column":12},"end":{"line":92,"column":32}},{"start":{"line":92,"column":32},"end":{"line":92,"column":64}}],"line":92},"5":{"loc":{"start":{"line":96,"column":12},"end":{"line":96,"column":null}},"type":"cond-expr","locations":[{"start":{"line":96,"column":31},"end":{"line":96,"column":41}},{"start":{"line":96,"column":41},"end":{"line":96,"column":null}}],"line":96},"6":{"loc":{"start":{"line":102,"column":13},"end":{"line":102,"column":null}},"type":"cond-expr","locations":[{"start":{"line":102,"column":23},"end":{"line":102,"column":55}},{"start":{"line":102,"column":55},"end":{"line":102,"column":null}}],"line":102},"7":{"loc":{"start":{"line":110,"column":8},"end":{"line":113,"column":null}},"type":"if","locations":[{"start":{"line":110,"column":8},"end":{"line":113,"column":null}},{"start":{},"end":{}}],"line":110},"8":{"loc":{"start":{"line":110,"column":12},"end":{"line":110,"column":52}},"type":"binary-expr","locations":[{"start":{"line":110,"column":12},"end":{"line":110,"column":26}},{"start":{"line":110,"column":26},"end":{"line":110,"column":52}}],"line":110},"9":{"loc":{"start":{"line":115,"column":13},"end":{"line":115,"column":null}},"type":"cond-expr","locations":[{"start":{"line":115,"column":23},"end":{"line":115,"column":55}},{"start":{"line":115,"column":55},"end":{"line":115,"column":null}}],"line":115}},"s":{"0":3,"1":3,"2":3,"3":3,"4":1,"5":1,"6":1,"7":0,"8":1,"9":0,"10":0,"11":0,"12":0,"13":0,"14":7,"15":7,"16":7,"17":7,"18":0,"19":0,"20":0,"21":0,"22":0,"23":0,"24":0,"25":0,"26":0,"27":0,"28":0,"29":0,"30":0,"31":0,"32":0,"33":0,"34":0,"35":0,"36":0,"37":0,"38":0,"39":0,"40":0,"41":0},"f":{"0":3,"1":3,"2":3,"3":1,"4":1,"5":0,"6":0,"7":7,"8":7,"9":0,"10":0,"11":0,"12":0,"13":0,"14":0,"15":0,"16":0},"b":{"0":[0,1],"1":[0,0],"2":[7,0],"3":[0,0],"4":[0,0],"5":[0,0],"6":[0,0],"7":[0,0],"8":[0,0],"9":[0,0]},"meta":{"lastBranch":10,"lastFunction":17,"lastStatement":42,"seen":{"s:28:13:117:Infinity":0,"f:28:66:28:67":0,"s:28:76:117:2":1,"f:31:18:31:19":1,"s:32:4:41:Infinity":2,"f:32:8:32:9":2,"s:32:20:41:6":3,"f:43:21:43:22":3,"s:44:4:53:Infinity":4,"f:44:8:44:9":4,"s:45:24:45:Infinity":5,"b:46:6:46:Infinity:undefined:undefined:undefined:undefined":0,"s:46:6:46:Infinity":6,"s:46:22:46:Infinity":7,"s:47:6:52:Infinity":8,"f:55:16:55:17":5,"s:56:4:65:Infinity":9,"f:56:8:56:9":6,"s:57:24:57:Infinity":10,"b:58:6:58:Infinity:undefined:undefined:undefined:undefined":1,"s:58:6:58:Infinity":11,"s:58:22:58:Infinity":12,"s:59:6:64:Infinity":13,"f:67:12:67:13":7,"s:68:4:77:Infinity":14,"f:68:8:68:9":8,"s:69:24:69:Infinity":15,"b:70:6:70:Infinity:undefined:undefined:undefined:undefined":2,"s:70:6:70:Infinity":16,"s:70:22:70:Infinity":17,"s:71:6:76:Infinity":18,"f:79:18:79:19":9,"s:80:4:84:Infinity":19,"f:80:8:80:9":10,"s:81:24:81:Infinity":20,"s:82:6:82:Infinity":21,"s:83:6:83:Infinity":22,"f:86:14:86:15":11,"s:87:4:103:Infinity":23,"f:87:8:87:9":12,"s:88:28:88:Infinity":24,"s:89:20:89:Infinity":25,"s:91:6:100:Infinity":26,"f:91:41:91:42":13,"b:92:8:99:Infinity:undefined:undefined:undefined:undefined":3,"s:92:8:99:Infinity":27,"b:92:12:92:32:92:32:92:64":4,"s:93:28:93:Infinity":28,"s:94:10:94:Infinity":29,"s:96:12:96:Infinity":30,"b:96:31:96:41:96:41:96:Infinity":5,"s:97:10:97:Infinity":31,"s:98:10:98:Infinity":32,"s:102:6:102:Infinity":33,"b:102:23:102:55:102:55:102:Infinity":6,"f:105:14:105:15":14,"s:106:4:116:Infinity":34,"f:106:8:106:9":15,"s:107:28:107:Infinity":35,"s:108:20:108:Infinity":36,"s:109:6:114:Infinity":37,"f:109:41:109:42":16,"b:110:8:113:Infinity:undefined:undefined:undefined:undefined":7,"s:110:8:113:Infinity":38,"b:110:12:110:26:110:26:110:52":8,"s:111:10:111:Infinity":39,"s:112:10:112:Infinity":40,"s:115:6:115:Infinity":41,"b:115:23:115:55:115:55:115:Infinity":9}}}
,"/Users/zhengpanpan/Program/Writer/src/state/slices/filetreeSlice.ts": {"path":"/Users/zhengpanpan/Program/Writer/src/state/slices/filetreeSlice.ts","statementMap":{"0":{"start":{"line":17,"column":13},"end":{"line":41,"column":null}},"1":{"start":{"line":18,"column":12},"end":{"line":40,"column":null}},"2":{"start":{"line":23,"column":25},"end":{"line":23,"column":null}},"3":{"start":{"line":25,"column":31},"end":{"line":25,"column":null}},"4":{"start":{"line":28,"column":6},"end":{"line":32,"column":null}},"5":{"start":{"line":29,"column":28},"end":{"line":29,"column":null}},"6":{"start":{"line":30,"column":8},"end":{"line":30,"column":null}},"7":{"start":{"line":31,"column":8},"end":{"line":31,"column":null}},"8":{"start":{"line":35,"column":6},"end":{"line":39,"column":null}},"9":{"start":{"line":36,"column":28},"end":{"line":36,"column":null}},"10":{"start":{"line":37,"column":8},"end":{"line":37,"column":null}},"11":{"start":{"line":38,"column":8},"end":{"line":38,"column":null}}},"fnMap":{"0":{"name":"(anonymous_0)","decl":{"start":{"line":18,"column":2},"end":{"line":18,"column":3}},"loc":{"start":{"line":18,"column":12},"end":{"line":40,"column":null}},"line":18},"1":{"name":"(anonymous_1)","decl":{"start":{"line":23,"column":14},"end":{"line":23,"column":15}},"loc":{"start":{"line":23,"column":25},"end":{"line":23,"column":null}},"line":23},"2":{"name":"(anonymous_2)","decl":{"start":{"line":25,"column":21},"end":{"line":25,"column":22}},"loc":{"start":{"line":25,"column":31},"end":{"line":25,"column":null}},"line":25},"3":{"name":"(anonymous_3)","decl":{"start":{"line":27,"column":16},"end":{"line":27,"column":17}},"loc":{"start":{"line":28,"column":6},"end":{"line":32,"column":null}},"line":28},"4":{"name":"(anonymous_4)","decl":{"start":{"line":28,"column":10},"end":{"line":28,"column":11}},"loc":{"start":{"line":28,"column":21},"end":{"line":32,"column":7}},"line":28},"5":{"name":"(anonymous_5)","decl":{"start":{"line":34,"column":18},"end":{"line":34,"column":19}},"loc":{"start":{"line":35,"column":6},"end":{"line":39,"column":null}},"line":35},"6":{"name":"(anonymous_6)","decl":{"start":{"line":35,"column":10},"end":{"line":35,"column":11}},"loc":{"start":{"line":35,"column":21},"end":{"line":39,"column":7}},"line":35}},"branchMap":{},"s":{"0":2,"1":2,"2":0,"3":0,"4":1,"5":1,"6":1,"7":1,"8":0,"9":0,"10":0,"11":0},"f":{"0":2,"1":0,"2":0,"3":1,"4":1,"5":0,"6":0},"b":{},"meta":{"lastBranch":0,"lastFunction":7,"lastStatement":12,"seen":{"s:17:13:41:Infinity":0,"f:18:2:18:3":0,"s:18:12:40:Infinity":1,"f:23:14:23:15":1,"s:23:25:23:Infinity":2,"f:25:21:25:22":2,"s:25:31:25:Infinity":3,"f:27:16:27:17":3,"s:28:6:32:Infinity":4,"f:28:10:28:11":4,"s:29:28:29:Infinity":5,"s:30:8:30:Infinity":6,"s:31:8:31:Infinity":7,"f:34:18:34:19":5,"s:35:6:39:Infinity":8,"f:35:10:35:11":6,"s:36:28:36:Infinity":9,"s:37:8:37:Infinity":10,"s:38:8:38:Infinity":11}}}
,"/Users/zhengpanpan/Program/Writer/src/state/slices/statusSlice.ts": {"path":"/Users/zhengpanpan/Program/Writer/src/state/slices/statusSlice.ts","statementMap":{"0":{"start":{"line":14,"column":13},"end":{"line":19,"column":null}},"1":{"start":{"line":14,"column":76},"end":{"line":19,"column":2}},"2":{"start":{"line":18,"column":41},"end":{"line":18,"column":null}}},"fnMap":{"0":{"name":"(anonymous_0)","decl":{"start":{"line":14,"column":66},"end":{"line":14,"column":67}},"loc":{"start":{"line":14,"column":76},"end":{"line":19,"column":2}},"line":14},"1":{"name":"(anonymous_1)","decl":{"start":{"line":18,"column":13},"end":{"line":18,"column":14}},"loc":{"start":{"line":18,"column":41},"end":{"line":18,"column":null}},"line":18}},"branchMap":{"0":{"loc":{"start":{"line":18,"column":22},"end":{"line":18,"column":41}},"type":"default-arg","locations":[{"start":{"line":18,"column":32},"end":{"line":18,"column":41}}],"line":18}},"s":{"0":3,"1":3,"2":7},"f":{"0":3,"1":7},"b":{"0":[7]},"meta":{"lastBranch":1,"lastFunction":2,"lastStatement":3,"seen":{"s:14:13:19:Infinity":0,"f:14:66:14:67":0,"s:14:76:19:2":1,"f:18:13:18:14":1,"s:18:41:18:Infinity":2,"b:18:32:18:41":0}}}
,"/Users/zhengpanpan/Program/Writer/src/state/slices/workspaceSlice.ts": {"path":"/Users/zhengpanpan/Program/Writer/src/state/slices/workspaceSlice.ts","statementMap":{"0":{"start":{"line":18,"column":13},"end":{"line":88,"column":null}},"1":{"start":{"line":19,"column":12},"end":{"line":87,"column":null}},"2":{"start":{"line":24,"column":32},"end":{"line":24,"column":null}},"3":{"start":{"line":27,"column":6},"end":{"line":35,"column":null}},"4":{"start":{"line":28,"column":8},"end":{"line":30,"column":null}},"5":{"start":{"line":29,"column":10},"end":{"line":29,"column":null}},"6":{"start":{"line":31,"column":8},"end":{"line":34,"column":null}},"7":{"start":{"line":38,"column":6},"end":{"line":51,"column":null}},"8":{"start":{"line":39,"column":29},"end":{"line":39,"column":null}},"9":{"start":{"line":39,"column":59},"end":{"line":39,"column":69}},"10":{"start":{"line":40,"column":28},"end":{"line":40,"column":null}},"11":{"start":{"line":41,"column":8},"end":{"line":46,"column":null}},"12":{"start":{"line":42,"column":10},"end":{"line":45,"column":null}},"13":{"start":{"line":47,"column":8},"end":{"line":50,"column":null}},"14":{"start":{"line":53,"column":29},"end":{"line":53,"column":null}},"15":{"start":{"line":56,"column":6},"end":{"line":69,"column":null}},"16":{"start":{"line":57,"column":28},"end":{"line":63,"column":null}},"17":{"start":{"line":58,"column":10},"end":{"line":58,"column":null}},"18":{"start":{"line":58,"column":29},"end":{"line":58,"column":null}},"19":{"start":{"line":59,"column":10},"end":{"line":61,"column":null}},"20":{"start":{"line":60,"column":12},"end":{"line":60,"column":null}},"21":{"start":{"line":62,"column":10},"end":{"line":62,"column":null}},"22":{"start":{"line":65,"column":8},"end":{"line":68,"column":null}},"23":{"start":{"line":72,"column":6},"end":{"line":86,"column":null}},"24":{"start":{"line":73,"column":24},"end":{"line":73,"column":null}},"25":{"start":{"line":73,"column":39},"end":{"line":73,"column":null}},"26":{"start":{"line":74,"column":29},"end":{"line":74,"column":null}},"27":{"start":{"line":74,"column":59},"end":{"line":74,"column":70}},"28":{"start":{"line":75,"column":28},"end":{"line":75,"column":null}},"29":{"start":{"line":76,"column":8},"end":{"line":81,"column":null}},"30":{"start":{"line":77,"column":10},"end":{"line":80,"column":null}},"31":{"start":{"line":82,"column":8},"end":{"line":85,"column":null}}},"fnMap":{"0":{"name":"(anonymous_0)","decl":{"start":{"line":19,"column":2},"end":{"line":19,"column":3}},"loc":{"start":{"line":19,"column":12},"end":{"line":87,"column":null}},"line":19},"1":{"name":"(anonymous_1)","decl":{"start":{"line":24,"column":22},"end":{"line":24,"column":23}},"loc":{"start":{"line":24,"column":32},"end":{"line":24,"column":null}},"line":24},"2":{"name":"(anonymous_2)","decl":{"start":{"line":26,"column":14},"end":{"line":26,"column":15}},"loc":{"start":{"line":27,"column":6},"end":{"line":35,"column":null}},"line":27},"3":{"name":"(anonymous_3)","decl":{"start":{"line":27,"column":10},"end":{"line":27,"column":11}},"loc":{"start":{"line":27,"column":21},"end":{"line":35,"column":7}},"line":27},"4":{"name":"(anonymous_4)","decl":{"start":{"line":37,"column":15},"end":{"line":37,"column":16}},"loc":{"start":{"line":38,"column":6},"end":{"line":51,"column":null}},"line":38},"5":{"name":"(anonymous_5)","decl":{"start":{"line":38,"column":10},"end":{"line":38,"column":11}},"loc":{"start":{"line":38,"column":21},"end":{"line":51,"column":7}},"line":38},"6":{"name":"(anonymous_6)","decl":{"start":{"line":39,"column":52},"end":{"line":39,"column":53}},"loc":{"start":{"line":39,"column":59},"end":{"line":39,"column":69}},"line":39},"7":{"name":"(anonymous_7)","decl":{"start":{"line":53,"column":19},"end":{"line":53,"column":20}},"loc":{"start":{"line":53,"column":29},"end":{"line":53,"column":null}},"line":53},"8":{"name":"(anonymous_8)","decl":{"start":{"line":55,"column":16},"end":{"line":55,"column":17}},"loc":{"start":{"line":56,"column":6},"end":{"line":69,"column":null}},"line":56},"9":{"name":"(anonymous_9)","decl":{"start":{"line":56,"column":10},"end":{"line":56,"column":11}},"loc":{"start":{"line":56,"column":21},"end":{"line":69,"column":7}},"line":56},"10":{"name":"(anonymous_10)","decl":{"start":{"line":57,"column":28},"end":{"line":57,"column":29}},"loc":{"start":{"line":57,"column":43},"end":{"line":63,"column":null}},"line":57},"11":{"name":"(anonymous_11)","decl":{"start":{"line":71,"column":16},"end":{"line":71,"column":17}},"loc":{"start":{"line":72,"column":6},"end":{"line":86,"column":null}},"line":72},"12":{"name":"(anonymous_12)","decl":{"start":{"line":72,"column":10},"end":{"line":72,"column":11}},"loc":{"start":{"line":72,"column":21},"end":{"line":86,"column":7}},"line":72},"13":{"name":"(anonymous_13)","decl":{"start":{"line":73,"column":24},"end":{"line":73,"column":25}},"loc":{"start":{"line":73,"column":39},"end":{"line":73,"column":null}},"line":73},"14":{"name":"(anonymous_14)","decl":{"start":{"line":74,"column":52},"end":{"line":74,"column":53}},"loc":{"start":{"line":74,"column":59},"end":{"line":74,"column":70}},"line":74}},"branchMap":{"0":{"loc":{"start":{"line":28,"column":8},"end":{"line":30,"column":null}},"type":"if","locations":[{"start":{"line":28,"column":8},"end":{"line":30,"column":null}},{"start":{},"end":{}}],"line":28},"1":{"loc":{"start":{"line":41,"column":8},"end":{"line":46,"column":null}},"type":"if","locations":[{"start":{"line":41,"column":8},"end":{"line":46,"column":null}},{"start":{},"end":{}}],"line":41},"2":{"loc":{"start":{"line":43,"column":12},"end":{"line":45,"column":null}},"type":"cond-expr","locations":[{"start":{"line":44,"column":16},"end":{"line":44,"column":null}},{"start":{"line":45,"column":16},"end":{"line":45,"column":null}}],"line":43},"3":{"loc":{"start":{"line":58,"column":10},"end":{"line":58,"column":null}},"type":"if","locations":[{"start":{"line":58,"column":10},"end":{"line":58,"column":null}},{"start":{},"end":{}}],"line":58},"4":{"loc":{"start":{"line":59,"column":10},"end":{"line":61,"column":null}},"type":"if","locations":[{"start":{"line":59,"column":10},"end":{"line":61,"column":null}},{"start":{},"end":{}}],"line":59},"5":{"loc":{"start":{"line":67,"column":22},"end":{"line":67,"column":null}},"type":"cond-expr","locations":[{"start":{"line":67,"column":41},"end":{"line":67,"column":73}},{"start":{"line":67,"column":73},"end":{"line":67,"column":null}}],"line":67},"6":{"loc":{"start":{"line":73,"column":39},"end":{"line":73,"column":null}},"type":"binary-expr","locations":[{"start":{"line":73,"column":39},"end":{"line":73,"column":53}},{"start":{"line":73,"column":53},"end":{"line":73,"column":null}}],"line":73},"7":{"loc":{"start":{"line":76,"column":8},"end":{"line":81,"column":null}},"type":"if","locations":[{"start":{"line":76,"column":8},"end":{"line":81,"column":null}},{"start":{},"end":{}}],"line":76},"8":{"loc":{"start":{"line":76,"column":12},"end":{"line":76,"column":59}},"type":"binary-expr","locations":[{"start":{"line":76,"column":12},"end":{"line":76,"column":32}},{"start":{"line":76,"column":32},"end":{"line":76,"column":59}}],"line":76},"9":{"loc":{"start":{"line":78,"column":12},"end":{"line":80,"column":null}},"type":"cond-expr","locations":[{"start":{"line":79,"column":16},"end":{"line":79,"column":null}},{"start":{"line":80,"column":16},"end":{"line":80,"column":null}}],"line":78}},"s":{"0":2,"1":2,"2":1,"3":3,"4":3,"5":0,"6":3,"7":0,"8":0,"9":0,"10":0,"11":0,"12":0,"13":0,"14":0,"15":0,"16":0,"17":0,"18":0,"19":0,"20":0,"21":0,"22":0,"23":0,"24":0,"25":0,"26":0,"27":0,"28":0,"29":0,"30":0,"31":0},"f":{"0":2,"1":1,"2":3,"3":3,"4":0,"5":0,"6":0,"7":0,"8":0,"9":0,"10":0,"11":0,"12":0,"13":0,"14":0},"b":{"0":[0,3],"1":[0,0],"2":[0,0],"3":[0,0],"4":[0,0],"5":[0,0],"6":[0,0],"7":[0,0],"8":[0,0],"9":[0,0]},"meta":{"lastBranch":10,"lastFunction":15,"lastStatement":32,"seen":{"s:18:13:88:Infinity":0,"f:19:2:19:3":0,"s:19:12:87:Infinity":1,"f:24:22:24:23":1,"s:24:32:24:Infinity":2,"f:26:14:26:15":2,"s:27:6:35:Infinity":3,"f:27:10:27:11":3,"b:28:8:30:Infinity:undefined:undefined:undefined:undefined":0,"s:28:8:30:Infinity":4,"s:29:10:29:Infinity":5,"s:31:8:34:Infinity":6,"f:37:15:37:16":4,"s:38:6:51:Infinity":7,"f:38:10:38:11":5,"s:39:29:39:Infinity":8,"f:39:52:39:53":6,"s:39:59:39:69":9,"s:40:28:40:Infinity":10,"b:41:8:46:Infinity:undefined:undefined:undefined:undefined":1,"s:41:8:46:Infinity":11,"s:42:10:45:Infinity":12,"b:44:16:44:Infinity:45:16:45:Infinity":2,"s:47:8:50:Infinity":13,"f:53:19:53:20":7,"s:53:29:53:Infinity":14,"f:55:16:55:17":8,"s:56:6:69:Infinity":15,"f:56:10:56:11":9,"s:57:28:63:Infinity":16,"f:57:28:57:29":10,"b:58:10:58:Infinity:undefined:undefined:undefined:undefined":3,"s:58:10:58:Infinity":17,"s:58:29:58:Infinity":18,"b:59:10:61:Infinity:undefined:undefined:undefined:undefined":4,"s:59:10:61:Infinity":19,"s:60:12:60:Infinity":20,"s:62:10:62:Infinity":21,"s:65:8:68:Infinity":22,"b:67:41:67:73:67:73:67:Infinity":5,"f:71:16:71:17":11,"s:72:6:86:Infinity":23,"f:72:10:72:11":12,"s:73:24:73:Infinity":24,"f:73:24:73:25":13,"s:73:39:73:Infinity":25,"b:73:39:73:53:73:53:73:Infinity":6,"s:74:29:74:Infinity":26,"f:74:52:74:53":14,"s:74:59:74:70":27,"s:75:28:75:Infinity":28,"b:76:8:81:Infinity:undefined:undefined:undefined:undefined":7,"s:76:8:81:Infinity":29,"b:76:12:76:32:76:32:76:59":8,"s:77:10:80:Infinity":30,"b:79:16:79:Infinity:80:16:80:Infinity":9,"s:82:8:85:Infinity":31}}}
,"/Users/zhengpanpan/Program/Writer/src/ui/editor/pasteHandler.ts": {"path":"/Users/zhengpanpan/Program/Writer/src/ui/editor/pasteHandler.ts","statementMap":{"0":{"start":{"line":5,"column":37},"end":{"line":11,"column":null}},"1":{"start":{"line":5,"column":69},"end":{"line":11,"column":null}},"2":{"start":{"line":8,"column":4},"end":{"line":8,"column":null}},"3":{"start":{"line":9,"column":4},"end":{"line":9,"column":null}}},"fnMap":{"0":{"name":"(anonymous_0)","decl":{"start":{"line":5,"column":37},"end":{"line":5,"column":38}},"loc":{"start":{"line":5,"column":69},"end":{"line":11,"column":null}},"line":5},"1":{"name":"(anonymous_1)","decl":{"start":{"line":6,"column":9},"end":{"line":6,"column":10}},"loc":{"start":{"line":6,"column":61},"end":{"line":10,"column":null}},"line":6}},"branchMap":{},"s":{"0":1,"1":2,"2":2,"3":2},"f":{"0":2,"1":2},"b":{},"meta":{"lastBranch":0,"lastFunction":2,"lastStatement":4,"seen":{"s:5:37:11:Infinity":0,"f:5:37:5:38":0,"s:5:69:11:Infinity":1,"f:6:9:6:10":1,"s:8:4:8:Infinity":2,"s:9:4:9:Infinity":3}}}
,"/Users/zhengpanpan/Program/Writer/src/ui/editor/useImagePaste.ts": {"path":"/Users/zhengpanpan/Program/Writer/src/ui/editor/useImagePaste.ts","statementMap":{"0":{"start":{"line":9,"column":40},"end":{"line":10,"column":null}},"1":{"start":{"line":10,"column":2},"end":{"line":10,"column":null}},"2":{"start":{"line":12,"column":38},"end":{"line":33,"column":null}},"3":{"start":{"line":17,"column":19},"end":{"line":17,"column":null}},"4":{"start":{"line":18,"column":17},"end":{"line":18,"column":null}},"5":{"start":{"line":20,"column":2},"end":{"line":22,"column":null}},"6":{"start":{"line":21,"column":4},"end":{"line":21,"column":null}},"7":{"start":{"line":24,"column":10},"end":{"line":24,"column":null}},"8":{"start":{"line":25,"column":2},"end":{"line":32,"column":null}},"9":{"start":{"line":26,"column":20},"end":{"line":26,"column":null}},"10":{"start":{"line":27,"column":22},"end":{"line":27,"column":null}},"11":{"start":{"line":28,"column":4},"end":{"line":30,"column":null}},"12":{"start":{"line":29,"column":6},"end":{"line":29,"column":null}},"13":{"start":{"line":31,"column":4},"end":{"line":31,"column":null}},"14":{"start":{"line":35,"column":29},"end":{"line":128,"column":null}},"15":{"start":{"line":36,"column":34},"end":{"line":36,"column":null}},"16":{"start":{"line":38,"column":22},"end":{"line":125,"column":null}},"17":{"start":{"line":42,"column":4},"end":{"line":42,"column":null}},"18":{"start":{"line":42,"column":54},"end":{"line":42,"column":null}},"19":{"start":{"line":44,"column":18},"end":{"line":44,"column":null}},"20":{"start":{"line":45,"column":4},"end":{"line":45,"column":null}},"21":{"start":{"line":45,"column":16},"end":{"line":45,"column":null}},"22":{"start":{"line":47,"column":25},"end":{"line":47,"column":null}},"23":{"start":{"line":48,"column":18},"end":{"line":48,"column":null}},"24":{"start":{"line":50,"column":4},"end":{"line":122,"column":null}},"25":{"start":{"line":50,"column":17},"end":{"line":50,"column":20}},"26":{"start":{"line":51,"column":19},"end":{"line":51,"column":null}},"27":{"start":{"line":52,"column":6},"end":{"line":121,"column":null}},"28":{"start":{"line":53,"column":8},"end":{"line":53,"column":null}},"29":{"start":{"line":54,"column":8},"end":{"line":60,"column":null}},"30":{"start":{"line":54,"column":41},"end":{"line":54,"column":59}},"31":{"start":{"line":55,"column":10},"end":{"line":55,"column":null}},"32":{"start":{"line":56,"column":10},"end":{"line":58,"column":null}},"33":{"start":{"line":59,"column":10},"end":{"line":59,"column":null}},"34":{"start":{"line":61,"column":21},"end":{"line":61,"column":null}},"35":{"start":{"line":62,"column":8},"end":{"line":62,"column":null}},"36":{"start":{"line":62,"column":19},"end":{"line":62,"column":null}},"37":{"start":{"line":64,"column":8},"end":{"line":73,"column":null}},"38":{"start":{"line":65,"column":10},"end":{"line":65,"column":null}},"39":{"start":{"line":66,"column":10},"end":{"line":71,"column":null}},"40":{"start":{"line":72,"column":10},"end":{"line":72,"column":null}},"41":{"start":{"line":75,"column":8},"end":{"line":75,"column":null}},"42":{"start":{"line":77,"column":26},"end":{"line":77,"column":null}},"43":{"start":{"line":78,"column":20},"end":{"line":78,"column":null}},"44":{"start":{"line":80,"column":10},"end":{"line":86,"column":null}},"45":{"start":{"line":88,"column":25},"end":{"line":88,"column":null}},"46":{"start":{"line":89,"column":26},"end":{"line":89,"column":null}},"47":{"start":{"line":90,"column":26},"end":{"line":94,"column":null}},"48":{"start":{"line":96,"column":8},"end":{"line":120,"column":null}},"49":{"start":{"line":97,"column":30},"end":{"line":97,"column":null}},"50":{"start":{"line":98,"column":29},"end":{"line":98,"column":null}},"51":{"start":{"line":99,"column":10},"end":{"line":99,"column":null}},"52":{"start":{"line":101,"column":31},"end":{"line":101,"column":null}},"53":{"start":{"line":102,"column":31},"end":{"line":102,"column":null}},"54":{"start":{"line":104,"column":10},"end":{"line":104,"column":null}},"55":{"start":{"line":106,"column":10},"end":{"line":113,"column":null}},"56":{"start":{"line":107,"column":12},"end":{"line":112,"column":null}},"57":{"start":{"line":115,"column":10},"end":{"line":119,"column":null}},"58":{"start":{"line":124,"column":4},"end":{"line":124,"column":null}},"59":{"start":{"line":127,"column":2},"end":{"line":127,"column":null}},"60":{"start":{"line":130,"column":31},"end":{"line":156,"column":null}},"61":{"start":{"line":131,"column":20},"end":{"line":131,"column":null}},"62":{"start":{"line":131,"column":35},"end":{"line":131,"column":null}},"63":{"start":{"line":132,"column":20},"end":{"line":132,"column":null}},"64":{"start":{"line":133,"column":18},"end":{"line":133,"column":null}},"65":{"start":{"line":135,"column":2},"end":{"line":135,"column":null}},"66":{"start":{"line":137,"column":20},"end":{"line":137,"column":null}},"67":{"start":{"line":139,"column":2},"end":{"line":145,"column":null}},"68":{"start":{"line":144,"column":4},"end":{"line":144,"column":null}},"69":{"start":{"line":147,"column":18},"end":{"line":147,"column":null}},"70":{"start":{"line":148,"column":18},"end":{"line":148,"column":null}},"71":{"start":{"line":149,"column":20},"end":{"line":149,"column":null}},"72":{"start":{"line":151,"column":17},"end":{"line":151,"column":null}},"73":{"start":{"line":152,"column":2},"end":{"line":154,"column":null}},"74":{"start":{"line":153,"column":4},"end":{"line":153,"column":null}},"75":{"start":{"line":155,"column":2},"end":{"line":155,"column":null}}},"fnMap":{"0":{"name":"(anonymous_0)","decl":{"start":{"line":9,"column":40},"end":{"line":9,"column":null}},"loc":{"start":{"line":10,"column":2},"end":{"line":10,"column":null}},"line":10},"1":{"name":"(anonymous_1)","decl":{"start":{"line":12,"column":38},"end":{"line":12,"column":null}},"loc":{"start":{"line":16,"column":22},"end":{"line":33,"column":null}},"line":16},"2":{"name":"(anonymous_2)","decl":{"start":{"line":35,"column":29},"end":{"line":35,"column":30}},"loc":{"start":{"line":35,"column":63},"end":{"line":128,"column":null}},"line":35},"3":{"name":"(anonymous_3)","decl":{"start":{"line":38,"column":22},"end":{"line":38,"column":null}},"loc":{"start":{"line":41,"column":25},"end":{"line":125,"column":null}},"line":41},"4":{"name":"(anonymous_4)","decl":{"start":{"line":54,"column":31},"end":{"line":54,"column":32}},"loc":{"start":{"line":54,"column":41},"end":{"line":54,"column":59}},"line":54},"5":{"name":"(anonymous_5)","decl":{"start":{"line":130,"column":31},"end":{"line":130,"column":32}},"loc":{"start":{"line":130,"column":69},"end":{"line":156,"column":null}},"line":130},"6":{"name":"(anonymous_6)","decl":{"start":{"line":131,"column":20},"end":{"line":131,"column":21}},"loc":{"start":{"line":131,"column":35},"end":{"line":131,"column":null}},"line":131}},"branchMap":{"0":{"loc":{"start":{"line":20,"column":2},"end":{"line":22,"column":null}},"type":"if","locations":[{"start":{"line":20,"column":2},"end":{"line":22,"column":null}},{"start":{},"end":{}}],"line":20},"1":{"loc":{"start":{"line":28,"column":4},"end":{"line":30,"column":null}},"type":"if","locations":[{"start":{"line":28,"column":4},"end":{"line":30,"column":null}},{"start":{},"end":{}}],"line":28},"2":{"loc":{"start":{"line":35,"column":30},"end":{"line":35,"column":63}},"type":"default-arg","locations":[{"start":{"line":35,"column":54},"end":{"line":35,"column":63}}],"line":35},"3":{"loc":{"start":{"line":40,"column":4},"end":{"line":40,"column":null}},"type":"default-arg","locations":[{"start":{"line":40,"column":34},"end":{"line":40,"column":null}}],"line":40},"4":{"loc":{"start":{"line":42,"column":4},"end":{"line":42,"column":null}},"type":"if","locations":[{"start":{"line":42,"column":4},"end":{"line":42,"column":null}},{"start":{},"end":{}}],"line":42},"5":{"loc":{"start":{"line":42,"column":8},"end":{"line":42,"column":54}},"type":"binary-expr","locations":[{"start":{"line":42,"column":8},"end":{"line":42,"column":25}},{"start":{"line":42,"column":25},"end":{"line":42,"column":40}},{"start":{"line":42,"column":40},"end":{"line":42,"column":54}}],"line":42},"6":{"loc":{"start":{"line":45,"column":4},"end":{"line":45,"column":null}},"type":"if","locations":[{"start":{"line":45,"column":4},"end":{"line":45,"column":null}},{"start":{},"end":{}}],"line":45},"7":{"loc":{"start":{"line":52,"column":6},"end":{"line":121,"column":null}},"type":"if","locations":[{"start":{"line":52,"column":6},"end":{"line":121,"column":null}},{"start":{},"end":{}}],"line":52},"8":{"loc":{"start":{"line":54,"column":8},"end":{"line":60,"column":null}},"type":"if","locations":[{"start":{"line":54,"column":8},"end":{"line":60,"column":null}},{"start":{},"end":{}}],"line":54},"9":{"loc":{"start":{"line":62,"column":8},"end":{"line":62,"column":null}},"type":"if","locations":[{"start":{"line":62,"column":8},"end":{"line":62,"column":null}},{"start":{},"end":{}}],"line":62},"10":{"loc":{"start":{"line":64,"column":8},"end":{"line":73,"column":null}},"type":"if","locations":[{"start":{"line":64,"column":8},"end":{"line":73,"column":null}},{"start":{},"end":{}}],"line":64},"11":{"loc":{"start":{"line":77,"column":26},"end":{"line":77,"column":null}},"type":"binary-expr","locations":[{"start":{"line":77,"column":26},"end":{"line":77,"column":53}},{"start":{"line":77,"column":53},"end":{"line":77,"column":null}}],"line":77},"12":{"loc":{"start":{"line":106,"column":10},"end":{"line":113,"column":null}},"type":"if","locations":[{"start":{"line":106,"column":10},"end":{"line":113,"column":null}},{"start":{},"end":{}}],"line":106},"13":{"loc":{"start":{"line":140,"column":4},"end":{"line":142,"column":null}},"type":"binary-expr","locations":[{"start":{"line":140,"column":4},"end":{"line":140,"column":null}},{"start":{"line":141,"column":4},"end":{"line":141,"column":null}},{"start":{"line":142,"column":4},"end":{"line":142,"column":null}}],"line":140},"14":{"loc":{"start":{"line":152,"column":2},"end":{"line":154,"column":null}},"type":"if","locations":[{"start":{"line":152,"column":2},"end":{"line":154,"column":null}},{"start":{},"end":{}}],"line":152}},"s":{"0":1,"1":3,"2":1,"3":6,"4":6,"5":6,"6":4,"7":2,"8":2,"9":3,"10":3,"11":3,"12":2,"13":1,"14":1,"15":6,"16":6,"17":6,"18":0,"19":6,"20":6,"21":0,"22":6,"23":6,"24":6,"25":6,"26":6,"27":6,"28":6,"29":6,"30":8,"31":1,"32":1,"33":1,"34":5,"35":5,"36":0,"37":5,"38":1,"39":1,"40":1,"41":4,"42":4,"43":6,"44":6,"45":6,"46":6,"47":6,"48":4,"49":4,"50":4,"51":4,"52":3,"53":3,"54":3,"55":3,"56":1,"57":1,"58":6,"59":6,"60":1,"61":9,"62":18,"63":9,"64":9,"65":9,"66":9,"67":9,"68":30,"69":9,"70":9,"71":9,"72":9,"73":9,"74":3,"75":6},"f":{"0":3,"1":6,"2":6,"3":6,"4":8,"5":9,"6":18},"b":{"0":[4,2],"1":[2,1],"2":[6],"3":[6],"4":[0,6],"5":[6,6,6],"6":[0,6],"7":[6,0],"8":[1,5],"9":[0,5],"10":[1,4],"11":[4,0],"12":[1,2],"13":[9,33,33],"14":[3,6]},"meta":{"lastBranch":15,"lastFunction":7,"lastStatement":76,"seen":{"s:9:40:10:Infinity":0,"f:9:40:9:Infinity":0,"s:10:2:10:Infinity":1,"s:12:38:33:Infinity":2,"f:12:38:12:Infinity":1,"s:17:19:17:Infinity":3,"s:18:17:18:Infinity":4,"b:20:2:22:Infinity:undefined:undefined:undefined:undefined":0,"s:20:2:22:Infinity":5,"s:21:4:21:Infinity":6,"s:24:10:24:Infinity":7,"s:25:2:32:Infinity":8,"s:26:20:26:Infinity":9,"s:27:22:27:Infinity":10,"b:28:4:30:Infinity:undefined:undefined:undefined:undefined":1,"s:28:4:30:Infinity":11,"s:29:6:29:Infinity":12,"s:31:4:31:Infinity":13,"s:35:29:128:Infinity":14,"f:35:29:35:30":2,"b:35:54:35:63":2,"s:36:34:36:Infinity":15,"s:38:22:125:Infinity":16,"f:38:22:38:Infinity":3,"b:40:34:40:Infinity":3,"b:42:4:42:Infinity:undefined:undefined:undefined:undefined":4,"s:42:4:42:Infinity":17,"b:42:8:42:25:42:25:42:40:42:40:42:54":5,"s:42:54:42:Infinity":18,"s:44:18:44:Infinity":19,"b:45:4:45:Infinity:undefined:undefined:undefined:undefined":6,"s:45:4:45:Infinity":20,"s:45:16:45:Infinity":21,"s:47:25:47:Infinity":22,"s:48:18:48:Infinity":23,"s:50:4:122:Infinity":24,"s:50:17:50:20":25,"s:51:19:51:Infinity":26,"b:52:6:121:Infinity:undefined:undefined:undefined:undefined":7,"s:52:6:121:Infinity":27,"s:53:8:53:Infinity":28,"b:54:8:60:Infinity:undefined:undefined:undefined:undefined":8,"s:54:8:60:Infinity":29,"f:54:31:54:32":4,"s:54:41:54:59":30,"s:55:10:55:Infinity":31,"s:56:10:58:Infinity":32,"s:59:10:59:Infinity":33,"s:61:21:61:Infinity":34,"b:62:8:62:Infinity:undefined:undefined:undefined:undefined":9,"s:62:8:62:Infinity":35,"s:62:19:62:Infinity":36,"b:64:8:73:Infinity:undefined:undefined:undefined:undefined":10,"s:64:8:73:Infinity":37,"s:65:10:65:Infinity":38,"s:66:10:71:Infinity":39,"s:72:10:72:Infinity":40,"s:75:8:75:Infinity":41,"s:77:26:77:Infinity":42,"b:77:26:77:53:77:53:77:Infinity":11,"s:78:20:78:Infinity":43,"s:80:10:86:Infinity":44,"s:88:25:88:Infinity":45,"s:89:26:89:Infinity":46,"s:90:26:94:Infinity":47,"s:96:8:120:Infinity":48,"s:97:30:97:Infinity":49,"s:98:29:98:Infinity":50,"s:99:10:99:Infinity":51,"s:101:31:101:Infinity":52,"s:102:31:102:Infinity":53,"s:104:10:104:Infinity":54,"b:106:10:113:Infinity:undefined:undefined:undefined:undefined":12,"s:106:10:113:Infinity":55,"s:107:12:112:Infinity":56,"s:115:10:119:Infinity":57,"s:124:4:124:Infinity":58,"s:127:2:127:Infinity":59,"s:130:31:156:Infinity":60,"f:130:31:130:32":5,"s:131:20:131:Infinity":61,"f:131:20:131:21":6,"s:131:35:131:Infinity":62,"s:132:20:132:Infinity":63,"s:133:18:133:Infinity":64,"s:135:2:135:Infinity":65,"s:137:20:137:Infinity":66,"s:139:2:145:Infinity":67,"b:140:4:140:Infinity:141:4:141:Infinity:142:4:142:Infinity":13,"s:144:4:144:Infinity":68,"s:147:18:147:Infinity":69,"s:148:18:148:Infinity":70,"s:149:20:149:Infinity":71,"s:151:17:151:Infinity":72,"b:152:2:154:Infinity:undefined:undefined:undefined:undefined":14,"s:152:2:154:Infinity":73,"s:153:4:153:Infinity":74,"s:155:2:155:Infinity":75}}}
,"/Users/zhengpanpan/Program/Writer/src/ui/sidebar/pathing.ts": {"path":"/Users/zhengpanpan/Program/Writer/src/ui/sidebar/pathing.ts","statementMap":{"0":{"start":{"line":12,"column":29},"end":{"line":18,"column":null}},"1":{"start":{"line":13,"column":25},"end":{"line":13,"column":null}},"2":{"start":{"line":14,"column":2},"end":{"line":16,"column":null}},"3":{"start":{"line":15,"column":4},"end":{"line":15,"column":null}},"4":{"start":{"line":17,"column":2},"end":{"line":17,"column":null}},"5":{"start":{"line":20,"column":37},"end":{"line":46,"column":null}},"6":{"start":{"line":26,"column":2},"end":{"line":33,"column":null}},"7":{"start":{"line":27,"column":4},"end":{"line":29,"column":null}},"8":{"start":{"line":28,"column":6},"end":{"line":28,"column":null}},"9":{"start":{"line":30,"column":4},"end":{"line":32,"column":null}},"10":{"start":{"line":31,"column":6},"end":{"line":31,"column":null}},"11":{"start":{"line":37,"column":2},"end":{"line":39,"column":null}},"12":{"start":{"line":38,"column":4},"end":{"line":38,"column":null}},"13":{"start":{"line":41,"column":2},"end":{"line":43,"column":null}},"14":{"start":{"line":42,"column":4},"end":{"line":42,"column":null}},"15":{"start":{"line":45,"column":2},"end":{"line":45,"column":null}},"16":{"start":{"line":48,"column":34},"end":{"line":55,"column":null}},"17":{"start":{"line":49,"column":18},"end":{"line":49,"column":null}},"18":{"start":{"line":50,"column":2},"end":{"line":52,"column":null}},"19":{"start":{"line":51,"column":4},"end":{"line":51,"column":null}},"20":{"start":{"line":54,"column":2},"end":{"line":54,"column":null}},"21":{"start":{"line":57,"column":28},"end":{"line":57,"column":null}},"22":{"start":{"line":59,"column":32},"end":{"line":65,"column":null}},"23":{"start":{"line":60,"column":14},"end":{"line":60,"column":null}},"24":{"start":{"line":61,"column":2},"end":{"line":63,"column":null}},"25":{"start":{"line":62,"column":4},"end":{"line":62,"column":null}},"26":{"start":{"line":64,"column":2},"end":{"line":64,"column":null}},"27":{"start":{"line":67,"column":30},"end":{"line":70,"column":null}},"28":{"start":{"line":68,"column":14},"end":{"line":68,"column":null}},"29":{"start":{"line":69,"column":2},"end":{"line":69,"column":null}},"30":{"start":{"line":72,"column":30},"end":{"line":81,"column":null}},"31":{"start":{"line":73,"column":2},"end":{"line":75,"column":null}},"32":{"start":{"line":74,"column":4},"end":{"line":74,"column":null}},"33":{"start":{"line":76,"column":14},"end":{"line":76,"column":null}},"34":{"start":{"line":77,"column":2},"end":{"line":79,"column":null}},"35":{"start":{"line":78,"column":4},"end":{"line":78,"column":null}},"36":{"start":{"line":80,"column":2},"end":{"line":80,"column":null}},"37":{"start":{"line":83,"column":39},"end":{"line":93,"column":null}},"38":{"start":{"line":84,"column":18},"end":{"line":84,"column":null}},"39":{"start":{"line":85,"column":2},"end":{"line":87,"column":null}},"40":{"start":{"line":86,"column":4},"end":{"line":86,"column":null}},"41":{"start":{"line":88,"column":14},"end":{"line":88,"column":null}},"42":{"start":{"line":89,"column":2},"end":{"line":91,"column":null}},"43":{"start":{"line":90,"column":4},"end":{"line":90,"column":null}},"44":{"start":{"line":92,"column":2},"end":{"line":92,"column":null}},"45":{"start":{"line":95,"column":34},"end":{"line":114,"column":null}},"46":{"start":{"line":96,"column":31},"end":{"line":96,"column":null}},"47":{"start":{"line":97,"column":2},"end":{"line":112,"column":null}},"48":{"start":{"line":98,"column":4},"end":{"line":103,"column":null}},"49":{"start":{"line":99,"column":6},"end":{"line":101,"column":null}},"50":{"start":{"line":100,"column":8},"end":{"line":100,"column":null}},"51":{"start":{"line":102,"column":6},"end":{"line":102,"column":null}},"52":{"start":{"line":105,"column":22},"end":{"line":105,"column":null}},"53":{"start":{"line":106,"column":4},"end":{"line":108,"column":null}},"54":{"start":{"line":107,"column":6},"end":{"line":107,"column":null}},"55":{"start":{"line":110,"column":21},"end":{"line":110,"column":null}},"56":{"start":{"line":111,"column":4},"end":{"line":111,"column":null}},"57":{"start":{"line":113,"column":2},"end":{"line":113,"column":null}},"58":{"start":{"line":116,"column":30},"end":{"line":132,"column":null}},"59":{"start":{"line":120,"column":2},"end":{"line":130,"column":null}},"60":{"start":{"line":121,"column":4},"end":{"line":123,"column":null}},"61":{"start":{"line":122,"column":6},"end":{"line":122,"column":null}},"62":{"start":{"line":124,"column":4},"end":{"line":129,"column":null}},"63":{"start":{"line":125,"column":25},"end":{"line":125,"column":null}},"64":{"start":{"line":126,"column":6},"end":{"line":128,"column":null}},"65":{"start":{"line":127,"column":8},"end":{"line":127,"column":null}},"66":{"start":{"line":131,"column":2},"end":{"line":131,"column":null}},"67":{"start":{"line":134,"column":32},"end":{"line":146,"column":null}},"68":{"start":{"line":135,"column":28},"end":{"line":135,"column":null}},"69":{"start":{"line":136,"column":2},"end":{"line":144,"column":null}},"70":{"start":{"line":137,"column":4},"end":{"line":140,"column":null}},"71":{"start":{"line":138,"column":6},"end":{"line":138,"column":null}},"72":{"start":{"line":139,"column":6},"end":{"line":139,"column":null}},"73":{"start":{"line":141,"column":4},"end":{"line":143,"column":null}},"74":{"start":{"line":142,"column":6},"end":{"line":142,"column":null}},"75":{"start":{"line":145,"column":2},"end":{"line":145,"column":null}}},"fnMap":{"0":{"name":"(anonymous_0)","decl":{"start":{"line":12,"column":29},"end":{"line":12,"column":30}},"loc":{"start":{"line":12,"column":55},"end":{"line":18,"column":null}},"line":12},"1":{"name":"(anonymous_1)","decl":{"start":{"line":20,"column":37},"end":{"line":20,"column":38}},"loc":{"start":{"line":25,"column":42},"end":{"line":46,"column":null}},"line":25},"2":{"name":"(anonymous_2)","decl":{"start":{"line":48,"column":34},"end":{"line":48,"column":35}},"loc":{"start":{"line":48,"column":61},"end":{"line":55,"column":null}},"line":48},"3":{"name":"(anonymous_3)","decl":{"start":{"line":59,"column":32},"end":{"line":59,"column":33}},"loc":{"start":{"line":59,"column":62},"end":{"line":65,"column":null}},"line":59},"4":{"name":"(anonymous_4)","decl":{"start":{"line":67,"column":30},"end":{"line":67,"column":31}},"loc":{"start":{"line":67,"column":61},"end":{"line":70,"column":null}},"line":67},"5":{"name":"(anonymous_5)","decl":{"start":{"line":72,"column":30},"end":{"line":72,"column":31}},"loc":{"start":{"line":72,"column":58},"end":{"line":81,"column":null}},"line":72},"6":{"name":"(anonymous_6)","decl":{"start":{"line":83,"column":39},"end":{"line":83,"column":40}},"loc":{"start":{"line":83,"column":69},"end":{"l
[...]
}}],"line":85},"15":{"loc":{"start":{"line":89,"column":2},"end":{"line":91,"column":null}},"type":"if","locations":[{"start":{"line":89,"column":2},"end":{"line":91,"column":null}},{"start":{},"end":{}}],"line":89},"16":{"loc":{"start":{"line":98,"column":4},"end":{"line":103,"column":null}},"type":"if","locations":[{"start":{"line":98,"column":4},"end":{"line":103,"column":null}},{"start":{},"end":{}}],"line":98},"17":{"loc":{"start":{"line":99,"column":6},"end":{"line":101,"column":null}},"type":"if","locations":[{"start":{"line":99,"column":6},"end":{"line":101,"column":null}},{"start":{},"end":{}}],"line":99},"18":{"loc":{"start":{"line":106,"column":4},"end":{"line":108,"column":null}},"type":"if","locations":[{"start":{"line":106,"column":4},"end":{"line":108,"column":null}},{"start":{},"end":{}}],"line":106},"19":{"loc":{"start":{"line":106,"column":8},"end":{"line":106,"column":59}},"type":"binary-expr","locations":[{"start":{"line":106,"column":8},"end":{"line":106,"column":34}},{"start":{"line":106,"column":34},"end":{"line":106,"column":59}}],"line":106},"20":{"loc":{"start":{"line":110,"column":21},"end":{"line":110,"column":null}},"type":"cond-expr","locations":[{"start":{"line":110,"column":37},"end":{"line":110,"column":73}},{"start":{"line":110,"column":73},"end":{"line":110,"column":null}}],"line":110},"21":{"loc":{"start":{"line":121,"column":4},"end":{"line":123,"column":null}},"type":"if","locations":[{"start":{"line":121,"column":4},"end":{"line":123,"column":null}},{"start":{},"end":{}}],"line":121},"22":{"loc":{"start":{"line":124,"column":4},"end":{"line":129,"column":null}},"type":"if","locations":[{"start":{"line":124,"column":4},"end":{"line":129,"column":null}},{"start":{},"end":{}}],"line":124},"23":{"loc":{"start":{"line":124,"column":8},"end":{"line":124,"column":51}},"type":"binary-expr","locations":[{"start":{"line":124,"column":8},"end":{"line":124,"column":25}},{"start":{"line":124,"column":25},"end":{"line":124,"column":51}}],"line":124},"24":{"loc":{"start":{"line":126,"column":6},"end":{"line":128,"column":null}},"type":"if","locations":[{"start":{"line":126,"column":6},"end":{"line":128,"column":null}},{"start":{},"end":{}}],"line":126},"25":{"loc":{"start":{"line":137,"column":4},"end":{"line":140,"column":null}},"type":"if","locations":[{"start":{"line":137,"column":4},"end":{"line":140,"column":null}},{"start":{},"end":{}}],"line":137},"26":{"loc":{"start":{"line":141,"column":4},"end":{"line":143,"column":null}},"type":"if","locations":[{"start":{"line":141,"column":4},"end":{"line":143,"column":null}},{"start":{},"end":{}}],"line":141},"27":{"loc":{"start":{"line":141,"column":8},"end":{"line":141,"column":51}},"type":"binary-expr","locations":[{"start":{"line":141,"column":8},"end":{"line":141,"column":25}},{"start":{"line":141,"column":25},"end":{"line":141,"column":51}}],"line":141}},"s":{"0":1,"1":2,"2":2,"3":0,"4":2,"5":1,"6":4,"7":2,"8":1,"9":1,"10":1,"11":2,"12":2,"13":0,"14":0,"15":0,"16":1,"17":4,"18":4,"19":1,"20":3,"21":1,"22":1,"23":13,"24":13,"25":1,"26":12,"27":1,"28":8,"29":8,"30":1,"31":2,"32":1,"33":1,"34":1,"35":0,"36":1,"37":1,"38":3,"39":3,"40":0,"41":3,"42":3,"43":2,"44":1,"45":1,"46":6,"47":6,"48":12,"49":5,"50":2,"51":5,"52":7,"53":7,"54":3,"55":4,"56":12,"57":6,"58":1,"59":0,"60":0,"61":0,"62":0,"63":0,"64":0,"65":0,"66":0,"67":1,"68":0,"69":0,"70":0,"71":0,"72":0,"73":0,"74":0,"75":0},"f":{"0":2,"1":4,"2":4,"3":13,"4":8,"5":2,"6":3,"7":6,"8":0,"9":0},"b":{"0":[0,2],"1":[2,2],"2":[1,1],"3":[1,0],"4":[1,0],"5":[2,0],"6":[0,0],"7":[0,0],"8":[1,3],"9":[3,2],"10":[1,12],"11":[13,12],"12":[1,1],"13":[0,1],"14":[0,3],"15":[2,1],"16":[5,7],"17":[2,3],"18":[3,4],"19":[7,5],"20":[4,0],"21":[0,0],"22":[0,0],"23":[0,0],"24":[0,0],"25":[0,0],"26":[0,0],"27":[0,0]},"meta":{"lastBranch":28,"lastFunction":10,"lastStatement":76,"seen":{"s:12:29:18:Infinity":0,"f:12:29:12:30":0,"s:13:25:13:Infinity":1,"b:14:2:16:Infinity:undefined:undefined:undefined:undefined":0,"s:14:2:16:Infinity":2,"s:15:4:15:Infinity":3,"s:17:2:17:Infinity":4,"s:20:37:46:Infinity":5,"f:20:37:20:38":1,"b:26:2:33:Infinity:undefined:undefined:undefined:undefined":1,"s:26:2:33:Infinity":6,"b:27:4:29:Infinity:undefined:undefined:undefined:undefined":2,"s:27:4:29:Infinity":7,"s:28:6:28:Infinity":8,"b:30:4:32:Infinity:undefined:undefined:undefined:undefined":3,"s:30:4:32:Infinity":9,"s:31:6:31:Infinity":10,"b:31:13:31:44:31:44:31:Infinity":4,"b:37:2:39:Infinity:undefined:undefined:undefined:undefined":5,"s:37:2:39:Infinity":11,"s:38:4:38:Infinity":12,"b:41:2:43:Infinity:undefined:undefined:undefined:undefined":6,"s:41:2:43:Infinity":13,"s:42:4:42:Infinity":14,"b:42:11:42:40:42:40:42:Infinity":7,"s:45:2:45:Infinity":15,"s:48:34:55:Infinity":16,"f:48:34:48:35":2,"s:49:18:49:Infinity":17,"b:50:2:52:Infinity:undefined:undefined:undefined:undefined":8,"s:50:2:52:Infinity":18,"s:51:4:51:Infinity":19,"s:54:2:54:Infinity":20,"b:54:9:54:34:54:34:54:Infinity":9,"s:57:28:57:Infinity":21,"s:59:32:65:Infinity":22,"f:59:32:59:33":3,"s:60:14:60:Infinity":23,"b:61:2:63:Infinity:undefined:undefined:undefined:undefined":10,"s:61:2:63:Infinity":24,"b:61:6:61:18:61:18:61:47":11,"s:62:4:62:Infinity":25,"s:64:2:64:Infinity":26,"s:67:30:70:Infinity":27,"f:67:30:67:31":4,"s:68:14:68:Infinity":28,"s:69:2:69:Infinity":29,"s:72:30:81:Infinity":30,"f:72:30:72:31":5,"b:73:2:75:Infinity:undefined:undefined:undefined:undefined":12,"s:73:2:75:Infinity":31,"s:74:4:74:Infinity":32,"s:76:14:76:Infinity":33,"b:77:2:79:Infinity:undefined:undefined:undefined:undefined":13,"s:77:2:79:Infinity":34,"s:78:4:78:Infinity":35,"s:80:2:80:Infinity":36,"s:83:39:93:Infinity":37,"f:83:39:83:40":6,"s:84:18:84:Infinity":38,"b:85:2:87:Infinity:undefined:undefined:undefined:undefined":14,"s:85:2:87:Infinity":39,"s:86:4:86:Infinity":40,"s:88:14:88:Infinity":41,"b:89:2:91:Infinity:undefined:undefined:undefined:undefined":15,"s:89:2:91:Infinity":42,"s:90:4:90:Infinity":43,"s:92:2:92:Infinity":44,"s:95:34:114:Infinity":45,"f:95:34:95:35":7,"s:96:31:96:Infinity":46,"s:97:2:112:Infinity":47,"b:98:4:103:Infinity:undefined:undefined:undefined:undefined":16,"s:98:4:103:Infinity":48,"b:99:6:101:Infinity:undefined:undefined:undefined:undefined":17,"s:99:6:101:Infinity":49,"s:100:8:100:Infinity":50,"s:102:6:102:Infinity":51,"s:105:22:105:Infinity":52,"b:106:4:108:Infinity:undefined:undefined:undefined:undefined":18,"s:106:4:108:Infinity":53,"b:106:8:106:34:106:34:106:59":19,"s:107:6:107:Infinity":54,"s:110:21:110:Infinity":55,"b:110:37:110:73:110:73:110:Infinity":20,"s:111:4:111:Infinity":56,"s:113:2:113:Infinity":57,"s:116:30:132:Infinity":58,"f:116:30:116:Infinity":8,"s:120:2:130:Infinity":59,"b:121:4:123:Infinity:undefined:undefined:undefined:undefined":21,"s:121:4:123:Infinity":60,"s:122:6:122:Infinity":61,"b:124:4:129:Infinity:undefined:undefined:undefined:undefined":22,"s:124:4:129:Infinity":62,"b:124:8:124:25:124:25:124:51":23,"s:125:25:125:Infinity":63,"b:126:6:128:Infinity:undefined:undefined:undefined:undefined":24,"s:126:6:128:Infinity":64,"s:127:8:127:Infinity":65,"s:131:2:131:Infinity":66,"s:134:32:146:Infinity":67,"f:134:32:134:33":9,"s:135:28:135:Infinity":68,"s:136:2:144:Infinity":69,"b:137:4:140:Infinity:undefined:undefined:undefined:undefined":25,"s:137:4:140:Infinity":70,"s:138:6:138:Infinity":71,"s:139:6:139:Infinity":72,"b:141:4:143:Infinity:undefined:undefined:undefined:undefined":26,"s:141:4:143:Infinity":73,"b:141:8:141:25:141:25:141:51":27,"s:142:6:142:Infinity":74,"s:145:2:145:Infinity":75}}}
,"/Users/zhengpanpan/Program/Writer/src/workspace/WorkspaceManager.ts": {"path":"/Users/zhengpanpan/Program/Writer/src/workspace/WorkspaceManager.ts","statementMap":{"0":{"start":{"line":6,"column":28},"end":{"line":46,"column":null}},"1":{"start":{"line":7,"column":19},"end":{"line":25,"column":null}},"2":{"start":{"line":8,"column":4},"end":{"line":8,"column":null}},"3":{"start":{"line":8,"column":35},"end":{"line":8,"column":null}},"4":{"start":{"line":9,"column":4},"end":{"line":9,"column":null}},"5":{"start":{"line":9,"column":30},"end":{"line":9,"column":null}},"6":{"start":{"line":10,"column":4},"end":{"line":13,"column":null}},"7":{"start":{"line":11,"column":25},"end":{"line":11,"column":null}},"8":{"start":{"line":12,"column":6},"end":{"line":12,"column":null}},"9":{"start":{"line":12,"column":41},"end":{"line":12,"column":null}},"10":{"start":{"line":14,"column":4},"end":{"line":19,"column":null}},"11":{"start":{"line":15,"column":24},"end":{"line":15,"column":null}},"12":{"start":{"line":16,"column":6},"end":{"line":18,"column":null}},"13":{"start":{"line":17,"column":8},"end":{"line":17,"column":null}},"14":{"start":{"line":20,"column":4},"end":{"line":23,"column":null}},"15":{"start":{"line":21,"column":20},"end":{"line":21,"column":null}},"16":{"start":{"line":22,"column":6},"end":{"line":22,"column":null}},"17":{"start":{"line":22,"column":36},"end":{"line":22,"column":null}},"18":{"start":{"line":24,"column":4},"end":{"line":24,"column":null}},"19":{"start":{"line":27,"column":2},"end":{"line":27,"column":null}},"20":{"start":{"line":27,"column":51},"end":{"line":27,"column":null}},"21":{"start":{"line":29,"column":14},"end":{"line":33,"column":null}},"22":{"start":{"line":35,"column":2},"end":{"line":35,"column":null}},"23":{"start":{"line":35,"column":12},"end":{"line":35,"column":null}},"24":{"start":{"line":37,"column":2},"end":{"line":43,"column":null}},"25":{"start":{"line":38,"column":4},"end":{"line":42,"column":null}},"26":{"start":{"line":39,"column":6},"end":{"line":39,"column":null}},"27":{"start":{"line":41,"column":6},"end":{"line":41,"column":null}},"28":{"start":{"line":45,"column":2},"end":{"line":45,"column":null}},"29":{"start":{"line":48,"column":24},"end":{"line":73,"column":null}},"30":{"start":{"line":49,"column":2},"end":{"line":72,"column":null}},"31":{"start":{"line":50,"column":4},"end":{"line":50,"column":null}},"32":{"start":{"line":52,"column":19},"end":{"line":52,"column":null}},"33":{"start":{"line":53,"column":4},"end":{"line":63,"column":null}},"34":{"start":{"line":54,"column":6},"end":{"line":61,"column":null}},"35":{"start":{"line":62,"column":6},"end":{"line":62,"column":null}},"36":{"start":{"line":65,"column":4},"end":{"line":65,"column":null}},"37":{"start":{"line":67,"column":4},"end":{"line":71,"column":null}},"38":{"start":{"line":75,"column":29},"end":{"line":113,"column":null}},"39":{"start":{"line":76,"column":2},"end":{"line":112,"column":null}},"40":{"start":{"line":77,"column":21},"end":{"line":81,"column":null}},"41":{"start":{"line":83,"column":4},"end":{"line":83,"column":null}},"42":{"start":{"line":85,"column":17},"end":{"line":85,"column":null}},"43":{"start":{"line":87,"column":4},"end":{"line":90,"column":null}},"44":{"start":{"line":88,"column":6},"end":{"line":88,"column":null}},"45":{"start":{"line":89,"column":6},"end":{"line":89,"column":null}},"46":{"start":{"line":92,"column":4},"end":{"line":92,"column":null}},"47":{"start":{"line":94,"column":4},"end":{"line":105,"column":null}},"48":{"start":{"line":95,"column":24},"end":{"line":95,"column":null}},"49":{"start":{"line":96,"column":6},"end":{"line":98,"column":null}},"50":{"start":{"line":100,"column":6},"end":{"line":104,"column":null}},"51":{"start":{"line":107,"column":4},"end":{"line":111,"column":null}}},"fnMap":{"0":{"name":"(anonymous_0)","decl":{"start":{"line":6,"column":28},"end":{"line":6,"column":29}},"loc":{"start":{"line":6,"column":66},"end":{"line":46,"column":null}},"line":6},"1":{"name":"(anonymous_1)","decl":{"start":{"line":7,"column":19},"end":{"line":7,"column":20}},"loc":{"start":{"line":7,"column":54},"end":{"line":25,"column":null}},"line":7},"2":{"name":"(anonymous_2)","decl":{"start":{"line":48,"column":24},"end":{"line":48,"column":31}},"loc":{"start":{"line":48,"column":63},"end":{"line":73,"column":null}},"line":48},"3":{"name":"(anonymous_3)","decl":{"start":{"line":75,"column":29},"end":{"line":75,"column":56}},"loc":{"start":{"line":75,"column":56},"end":{"line":113,"column":null}},"line":75}},"branchMap":{"0":{"loc":{"start":{"line":8,"column":4},"end":{"line":8,"column":null}},"type":"if","locations":[{"start":{"line":8,"column":4},"end":{"line":8,"column":null}},{"start":{},"end":{}}],"line":8},"1":{"loc":{"start":{"line":9,"column":4},"end":{"line":9,"column":null}},"type":"if","locations":[{"start":{"line":9,"column":4},"end":{"line":9,"column":null}},{"start":{},"end":{}}],"line":9},"2":{"loc":{"start":{"line":10,"column":4},"end":{"line":13,"column":null}},"type":"if","locations":[{"start":{"line":10,"column":4},"end":{"line":13,"column":null}},{"start":{},"end":{}}],"line":10},"3":{"loc":{"start":{"line":10,"column":8},"end":{"line":10,"column":63}},"type":"binary-expr","locations":[{"start":{"line":10,"column":8},"end":{"line":10,"column":17}},{"start":{"line":10,"column":17},"end":{"line":10,"column":46}},{"start":{"line":10,"column":46},"end":{"line":10,"column":63}}],"line":10},"4":{"loc":{"start":{"line":12,"column":6},"end":{"line":12,"column":null}},"type":"if","locations":[{"start":{"line":12,"column":6},"end":{"line":12,"column":null}},{"start":{},"end":{}}],"line":12},"5":{"loc":{"start":{"line":14,"column":4},"end":{"line":19,"column":null}},"type":"if","locations":[{"start":{"line":14,"column":4},"end":{"line":19,"column":null}},{"start":{},"end":{}}],"line":14},"6":{"loc":{"start":{"line":14,"column":8},"end":{"line":14,"column":67}},"type":"binary-expr","locations":[{"start":{"line":14,"column":8},"end":{"line":14,"column":17}},{"start":{"line":14,"column":17},"end":{"line":14,"column":46}},{"start":{"line":14,"column":46},"end":{"line":14,"column":67}}],"line":14},"7":{"loc":{"start":{"line":16,"column":6},"end":{"line":18,"column":null}},"type":"if","locations":[{"start":{"line":16,"column":6},"end":{"line":18,"column":null}},{"start":{},"end":{}}],"line":16},"8":{"loc":{"start":{"line":16,"column":10},"end":{"line":16,"column":63}},"type":"binary-expr","locations":[{"start":{"line":16,"column":10},"end":{"line":16,"column":42}},{"start":{"line":16,"column":42},"end":{"line":16,"column":63}}],"line":16},"9":{"loc":{"start":{"line":20,"column":4},"end":{"line":23,"column":null}},"type":"if","locations":[{"start":{"line":20,"column":4},"end":{"line":23,"column":null}},{"start":{},"end":{}}],"line":20},"10":{"loc":{"start":{"line":20,"column":8},"end":{"line":20,"column":63}},"type":"binary-expr","locations":[{"start":{"line":20,"column":8},"end":{"line":20,"column":17}},{"start":{"line":20,"column":17},"end":{"line":20,"column":46}},{"start":{"line":20,"column":46},"end":{"line":20,"column":63}}],"line":20},"11":{"loc":{"start":{"line":22,"column":6},"end":{"line":22,"column":null}},"type":"if","locations":[{"start":{"line":22,"column":6},"end":{"line":22,"column":null}},{"start":{},"end":{}}],"line":22},"12":{"loc":{"start":{"line":27,"column":2},"end":{"line":27,"column":null}},"type":"if","locations":[{"start":{"line":27,"column":2},"end":{"line":27,"column":null}},{"start":{},"end":{}}],"line":27},"13":{"loc":{"start":{"line":27,"column":6},"end":{"line":27,"column":51}},"type":"binary-expr","locations":[{"start":{"line":27,"column":6},"end":{"line":27,"column":27}},{"start":{"line":27,"column":27},"end":{"line":27,"column":51}}],"line":27},"14":{"loc":{"start":{"line":29,"column":14},"end":{"line":33,"column":null}},"type":"cond-expr","locations":[{"start":{"line":30,"column":6},"end":{"line":32,"column":null}},{"start":{"line":33,"column":6},"end":{"line":33,"column":null}}],"line":29},"15":{"loc":{"start":{"line":30,"column":6},"end":{"line":32,"column":null}},"type":"cond-expr","locations":[{"start":{"line":31,"column":8},"end":{"line":31,"column":null}},{"start":{"line":32,"column":8},"end":{"line":32,"column":null}}],"line":30},"16":{"loc":{"start":{"line":35,"column":2},"end":{"line":35,"column":null}},"type":"if","locations":[{"start":{"line":35,"column":2},"end":{"line":35,"column":null}},{"start":{},"end":{}}],"line":35},"17":{"loc":{"start":{"line":37,"column":2},"end":{"line":43,"column":null}},"type":"if","locations":[{"start":{"line":37,"column":2},"end":{"line":43,"column":null}},{"start":{},"end":{}}],"line":37},"18":{"loc":{"start":{"line":53,"column":4},"end":{"line":63,"column":null}},"type":"if","locations":[{"start":{"line":53,"column":4},"end":{"line":63,"column":null}},{"start":{},"end":{}}],"line":53},"19":{"loc":{"start":{"line":58,"column":10},"end":{"line":60,"column":null}},"type":"cond-expr","locations":[{"start":{"line":59,"column":14},"end":{"line":59,"column":null}},{"start":{"line":60,"column":14},"end":{"line":60,"column":null}}],"line":58},"20":{"loc":{"start":{"line":87,"column":4},"end":{"line":90,"column":null}},"type":"if","locations":[{"start":{"line":87,"column":4},"end":{"line":90,"column":null}},{"start":{},"end":{}}],"line":87}},"s":{"0":1,"1":0,"2":0,"3":0,"4":0,"5":0,"6":0,"7":0,"8":0,"9":0,"10":0,"11":0,"12":0,"13":0,"14":0,"15":0,"16":0,"17":0,"18":0,"19":0,"20":0,"21":0,"22":0,"23":0,"24":0,"25":0,"26":0,"27":0,"28":0,"29":1,"30":3,"31":3,"32":3,"33":2,"34":0,"35":0,"36":2,"37":1,"38":1,"39":0,"40":0,"41":0,"42":0,"43":0,"44":0,"45":0,"46":0,"47":0,"48":0,"49":0,"50":0,"51":0},"f":{"0":0,"1":0,"2":3,"3":0},"b":{"0":[0,0],"1":[0,0],"2":[0,0],"3":[0,0,0],"4":[0,0],"5":[0,0],"6":[0,0,0],"7":[0,0],"8":[0,0],"9":[0,0],"10":[0,0,0],"11":[0,0],"12":[0,0],"13":[0,0],"14":[0,0],"15":[0,0],"16":[0,0],"17":[0,0],"18":[0,2],"19":[0,0],"20":[0,0]},"meta":{"lastBranch":21,"lastFunction":4,"lastStatement":52,"seen":{"s:6:28:46:Infinity":0,"f:6:28:6:29":0,"s:7:19:25:Infinity":1,"f:7:19:7:20":1,"b:8:4:8:Infinity:undefined:undefined:undefined:undefined":0,"s:8:4:8:Infinity":2,"s:8:35:8:Infinity":3,"b:9:4:9:Infinity:undefined:undefined:undefined:undefined":1,"s:9:4:9:Infinity":4,"s:9:30:9:Infinity":5,"b:10:4:13:Infinity:undefined:undefined:undefined:undefined":2,"s:10:4:13:Infinity":6,"b:10:8:10:17:10:17:10:46:10:46:10:63":3,"s:11:25:11:Infinity":7,"b:12:6:12:Infinity:undefined:undefined:undefined:undefined":4,"s:12:6:12:Infinity":8,"s:12:41:12:Infinity":9,"b:14:4:19:Infinity:undefined:undefined:undefined:undefined":5,"s:14:4:19:Infinity":10,"b:14:8:14:17:14:17:14:46:14:46:14:67":6,"s:15:24:15:Infinity":11,"b:16:6:18:Infinity:undefined:undefined:undefined:undefined":7,"s:16:6:18:Infinity":12,"b:16:10:16:42:16:42:16:63":8,"s:17:8:17:Infinity":13,"b:20:4:23:Infinity:undefined:undefined:undefined:undefined":9,"s:20:4:23:Infinity":14,"b:20:8:20:17:20:17:20:46:20:46:20:63":10,"s:21:20:21:Infinity":15,"b:22:6:22:Infinity:undefined:undefined:undefined:undefined":11,"s:22:6:22:Infinity":16,"s:22:36:22:Infinity":17,"s:24:4:24:Infinity":18,"b:27:2:27:Infinity:undefined:undefined:undefined:undefined":12,"s:27:2:27:Infinity":19,"b:27:6:27:27:27:27:27:51":13,"s:27:51:27:Infinity":20,"s:29:14:33:Infinity":21,"b:30:6:32:Infinity:33:6:33:Infinity":14,"b:31:8:31:Infinity:32:8:32:Infinity":15,"b:35:2:35:Infinity:undefined:undefined:undefined:undefined":16,"s:35:2:35:Infinity":22,"s:35:12:35:Infinity":23,"b:37:2:43:Infinity:undefined:undefined:undefined:undefined":17,"s:37:2:43:Infinity":24,"s:38:4:42:Infinity":25,"s:39:6:39:Infinity":26,"s:41:6:41:Infinity":27,"s:45:2:45:Infinity":28,"s:48:24:73:Infinity":29,"f:48:24:48:31":2,"s:49:2:72:Infinity":30,"s:50:4:50:Infinity":31,"s:52:19:52:Infinity":32,"b:53:4:63:Infinity:undefined:undefined:undefined:undefined":18,"s:53:4:63:Infinity":33,"s:54:6:61:Infinity":34,"b:59:14:59:Infinity:60:14:60:Infinity":19,"s:62:6:62:Infinity":35,"s:65:4:65:Infinity":36,"s:67:4:71:Infinity":37,"s:75:29:113:Infinity":38,"f:75:29:75:56":3,"s:76:2:112:Infinity":39,"s:77:21:81:Infinity":40,"s:83:4:83:Infinity":41,"s:85:17:85:Infinity":42,"b:87:4:90:Infinity:undefined:undefined:undefined:undefined":20,"s:87:4:90:Infinity":43,"s:88:6:88:Infinity":44,"s:89:6:89:Infinity":45,"s:92:4:92:Infinity":46,"s:94:4:105:Infinity":47,"s:95:24:95:Infinity":48,"s:96:6:98:Infinity":49,"s:100:6:104:Infinity":50,"s:107:4:111:Infinity":51}}}
}
